{"meta": {"format": 3, "version": "7.13.5", "timestamp": "2026-04-11T01:08:50.960931", "branch_coverage": false, "show_contexts": false}, "files": {"src/__init__.py": {"executed_lines": [], "summary": {"covered_lines": 0, "num_statements": 0, "percent_covered": 100.0, "percent_covered_display": "100", "missing_lines": 0, "excluded_lines": 0, "percent_statements_covered": 100.0, "percent_statements_covered_display": "100"}, "missing_lines": [], "excluded_lines": [], "functions": {"": {"executed_lines": [], "summary": {"covered_lines": 0, "num_statements": 0, "percent_covered": 100.0, "percent_covered_display": "100", "missing_lines": 0, "excluded_lines": 0, "percent_statements_covered": 100.0, "percent_statements_covered_display": "100"}, "missing_lines": [], "excluded_lines": [], "start_line": 1}}, "classes": {"": {"executed_lines": [], "summary": {"covered_lines": 0, "num_statements": 0, "percent_covered": 100.0, "percent_covered_display": "100", "missing_lines": 0, "excluded_lines": 0, "percent_statements_covered": 100.0, "percent_statements_covered_display": "100"}, "missing_lines": [], "excluded_lines": [], "start_line": 1}}}, "src/ai_assistant.py": {"executed_lines": [15, 16, 17, 19, 20, 21, 22, 23, 25, 31, 32, 33, 36, 37, 39], "summary": {"covered_lines": 15, "num_statements": 37, "percent_covered": 40.54054054054054, "percent_covered_display": "41", "missing_lines": 22, "excluded_lines": 0, "percent_statements_covered": 40.54054054054054, "percent_statements_covered_display": "41"}, "missing_lines": [40, 41, 42, 45, 96, 101, 102, 105, 108, 109, 110, 112, 113, 115, 116, 119, 121, 129, 131, 133, 134, 135], "excluded_lines": [], "functions": {"AIAssistant.__init__": {"executed_lines": [31, 32, 33, 36, 37], "summary": {"covered_lines": 5, "num_statements": 5, "percent_covered": 100.0, "percent_covered_display": "100", "missing_lines": 0, "excluded_lines": 0, "percent_statements_covered": 100.0, "percent_statements_covered_display": "100"}, "missing_lines": [], "excluded_lines": [], "start_line": 25}, "AIAssistant.run": {"executed_lines": [], "summary": {"covered_lines": 0, "num_statements": 20, "percent_covered": 0.0, "percent_covered_display": "0", "missing_lines": 20, "excluded_lines": 0, "percent_statements_covered": 0.0, "percent_statements_covered_display": "0"}, "missing_lines": [40, 41, 42, 45, 96, 101, 102, 105, 108, 109, 110, 112, 113, 115, 121, 129, 131, 133, 134, 135], "excluded_lines": [], "start_line": 39}, "AIAssistant.run._on_retry": {"executed_lines": [], "summary": {"covered_lines": 0, "num_statements": 2, "percent_covered": 0.0, "percent_covered_display": "0", "missing_lines": 2, "excluded_lines": 0, "percent_statements_covered": 0.0, "percent_statements_covered_display": "0"}, "missing_lines": [116, 119], "excluded_lines": [], "start_line": 115}, "": {"executed_lines": [15, 16, 17, 19, 20, 21, 22, 23, 25, 39], "summary": {"covered_lines": 10, "num_statements": 10, "percent_covered": 100.0, "percent_covered_display": "100", "missing_lines": 0, "excluded_lines": 0, "percent_statements_covered": 100.0, "percent_statements_covered_display": "100"}, "missing_lines": [], "excluded_lines": [], "start_line": 1}}, "classes": {"AIAssistant": {"executed_lines": [31, 32, 33, 36, 37], "summary": {"covered_lines": 5, "num_statements": 27, "percent_covered": 18.51851851851852, "percent_covered_display": "19", "missing_lines": 22, "excluded_lines": 0, "percent_statements_covered": 18.51851851851852, "percent_statements_covered_display": "19"}, "missing_lines": [40, 41, 42, 45, 96, 101, 102, 105, 108, 109, 110, 112, 113, 115, 116, 119, 121, 129, 131, 133, 134, 135], "excluded_lines": [], "start_line": 19}, "": {"executed_lines": [15, 16, 17, 19, 20, 21, 22, 23, 25, 39], "summary": {"covered_lines": 10, "num_statements": 10, "percent_covered": 100.0, "percent_covered_display": "100", "missing_lines": 0, "excluded_lines": 0, "percent_statements_covered": 100.0, "percent_statements_covered_display": "100"}, "missing_lines": [], "excluded_lines": [], "start_line": 1}}}, "src/ai_provider.py": {"executed_lines": [22, 23, 24, 25, 26, 29, 34, 35, 36, 37, 38, 41, 44, 45, 56, 57, 71, 74, 86, 94, 120, 123, 135, 143, 168, 193, 211, 235, 264, 265, 266, 269, 274, 275, 278, 279, 280, 281, 285, 286, 292, 295, 310, 311, 312, 314, 315, 317, 319, 320, 321, 322, 323, 324, 325, 326, 327, 329, 330, 332, 333, 334, 336, 337, 345, 350, 352], "summary": {"covered_lines": 67, "num_statements": 167, "percent_covered": 40.119760479041915, "percent_covered_display": "40", "missing_lines": 100, "excluded_lines": 0, "percent_statements_covered": 40.119760479041915, "percent_statements_covered_display": "40"}, "missing_lines": [54, 68, 75, 76, 78, 79, 80, 81, 83, 84, 87, 88, 89, 90, 91, 92, 96, 97, 98, 99, 101, 116, 117, 124, 125, 127, 128, 129, 130, 131, 132, 133, 136, 137, 138, 139, 140, 141, 145, 148, 151, 152, 154, 157, 158, 159, 162, 164, 165, 177, 178, 179, 180, 183, 184, 185, 186, 187, 188, 189, 190, 202, 203, 204, 205, 206, 207, 208, 223, 225, 226, 227, 228, 230, 231, 232, 244, 246, 247, 248, 250, 251, 253, 254, 256, 258, 259, 260, 261, 276, 282, 283, 287, 288, 289, 290, 346, 347, 348, 349], "excluded_lines": [], "functions": {"AIProvider.generate_content": {"executed_lines": [], "summary": {"covered_lines": 0, "num_statements": 1, "percent_covered": 0.0, "percent_covered_display": "0", "missing_lines": 1, "excluded_lines": 0, "percent_statements_covered": 0.0, "percent_statements_covered_display": "0"}, "missing_lines": [54], "excluded_lines": [], "start_line": 45}, "AIProvider.chat": {"executed_lines": [], "summary": {"covered_lines": 0, "num_statements": 1, "percent_covered": 0.0, "percent_covered_display": "0", "missing_lines": 1, "excluded_lines": 0, "percent_statements_covered": 0.0, "percent_statements_covered_display": "0"}, "missing_lines": [68], "excluded_lines": [], "start_line": 57}, "GeminiProvider.__init__": {"executed_lines": [], "summary": {"covered_lines": 0, "num_statements": 8, "percent_covered": 0.0, "percent_covered_display": "0", "missing_lines": 8, "excluded_lines": 0, "percent_statements_covered": 0.0, "percent_statements_covered_display": "0"}, "missing_lines": [75, 76, 78, 79, 80, 81, 83, 84], "excluded_lines": [], "start_line": 74}, "GeminiProvider.generate_content": {"executed_lines": [], "summary": {"covered_lines": 0, "num_statements": 6, "percent_covered": 0.0, "percent_covered_display": "0", "missing_lines": 6, "excluded_lines": 0, "percent_statements_covered": 0.0, "percent_statements_covered_display": "0"}, "missing_lines": [87, 88, 89, 90, 91, 92], "excluded_lines": [], "start_line": 86}, "GeminiProvider.chat": {"executed_lines": [], "summary": {"covered_lines": 0, "num_statements": 7, "percent_covered": 0.0, "percent_covered_display": "0", "missing_lines": 7, "excluded_lines": 0, "percent_statements_covered": 0.0, "percent_statements_covered_display": "0"}, "missing_lines": [96, 97, 98, 99, 101, 116, 117], "excluded_lines": [], "start_line": 94}, "OllamaProvider.__init__": {"executed_lines": [], "summary": {"covered_lines": 0, "num_statements": 9, "percent_covered": 0.0, "percent_covered_display": "0", "missing_lines": 9, "excluded_lines": 0, "percent_statements_covered": 0.0, "percent_statements_covered_display": "0"}, "missing_lines": [124, 125, 127, 128, 129, 130, 131, 132, 133], "excluded_lines": [], "start_line": 123}, "OllamaProvider.generate_content": {"executed_lines": [], "summary": {"covered_lines": 0, "num_statements": 6, "percent_covered": 0.0, "percent_covered_display": "0", "missing_lines": 6, "excluded_lines": 0, "percent_statements_covered": 0.0, "percent_statements_covered_display": "0"}, "missing_lines": [136, 137, 138, 139, 140, 141], "excluded_lines": [], "start_line": 135}, "OllamaProvider.chat": {"executed_lines": [], "summary": {"covered_lines": 0, "num_statements": 11, "percent_covered": 0.0, "percent_covered_display": "0", "missing_lines": 11, "excluded_lines": 0, "percent_statements_covered": 0.0, "percent_statements_covered_display": "0"}, "missing_lines": [145, 148, 151, 152, 154, 157, 158, 159, 162, 164, 165], "excluded_lines": [], "start_line": 143}, "get_available_ollama_models": {"executed_lines": [], "summary": {"covered_lines": 0, "num_statements": 12, "percent_covered": 0.0, "percent_covered_display": "0", "missing_lines": 12, "excluded_lines": 0, "percent_statements_covered": 0.0, "percent_statements_covered_display": "0"}, "missing_lines": [177, 178, 179, 180, 183, 184, 185, 186, 187, 188, 189, 190], "excluded_lines": [], "start_line": 168}, "is_ollama_available": {"executed_lines": [], "summary": {"covered_lines": 0, "num_statements": 7, "percent_covered": 0.0, "percent_covered_display": "0", "missing_lines": 7, "excluded_lines": 0, "percent_statements_covered": 0.0, "percent_statements_covered_display": "0"}, "missing_lines": [202, 203, 204, 205, 206, 207, 208], "excluded_lines": [], "start_line": 193}, "get_ai_provider": {"executed_lines": [], "summary": {"covered_lines": 0, "num_statements": 8, "percent_covered": 0.0, "percent_covered_display": "0", "missing_lines": 8, "excluded_lines": 0, "percent_statements_covered": 0.0, "percent_statements_covered_display": "0"}, "missing_lines": [223, 225, 226, 227, 228, 230, 231, 232], "excluded_lines": [], "start_line": 211}, "validate_ai_provider_config": {"executed_lines": [], "summary": {"covered_lines": 0, "num_statements": 13, "percent_covered": 0.0, "percent_covered_display": "0", "missing_lines": 13, "excluded_lines": 0, "percent_statements_covered": 0.0, "percent_statements_covered_display": "0"}, "missing_lines": [244, 246, 247, 248, 250, 251, 253, 254, 256, 258, 259, 260, 261], "excluded_lines": [], "start_line": 235}, "_get_provider_type": {"executed_lines": [265, 266], "summary": {"covered_lines": 2, "num_statements": 2, "percent_covered": 100.0, "percent_covered_display": "100", "missing_lines": 0, "excluded_lines": 0, "percent_statements_covered": 100.0, "percent_statements_covered_display": "100"}, "missing_lines": [], "excluded_lines": [], "start_line": 264}, "_extract_retry_delay_seconds": {"executed_lines": [274, 275, 278, 279, 280, 281, 285, 286, 292], "summary": {"covered_lines": 9, "num_statements": 16, "percent_covered": 56.25, "percent_covered_display": "56", "missing_lines": 7, "excluded_lines": 0, "percent_statements_covered": 56.25, "percent_statements_covered_display": "56"}, "missing_lines": [276, 282, 283, 287, 288, 289, 290], "excluded_lines": [], "start_line": 269}, "generate_content_with_retry": {"executed_lines": [310, 311, 312, 314, 315, 317, 319, 320, 321, 322, 323, 324, 325, 326, 327, 329, 330, 332, 333, 334, 336, 337, 345, 350, 352], "summary": {"covered_lines": 25, "num_statements": 29, "percent_covered": 86.20689655172414, "percent_covered_display": "86", "missing_lines": 4, "excluded_lines": 0, "percent_statements_covered": 86.20689655172414, "percent_statements_covered_display": "86"}, "missing_lines": [346, 347, 348, 349], "excluded_lines": [], "start_line": 295}, "": {"executed_lines": [22, 23, 24, 25, 26, 29, 34, 35, 36, 37, 38, 41, 44, 45, 56, 57, 71, 74, 86, 94, 120, 123, 135, 143, 168, 193, 211, 235, 264, 269, 295], "summary": {"covered_lines": 31, "num_statements": 31, "percent_covered": 100.0, "percent_covered_display": "100", "missing_lines": 0, "excluded_lines": 0, "percent_statements_covered": 100.0, "percent_statements_covered_display": "100"}, "missing_lines": [], "excluded_lines": [], "start_line": 1}}, "classes": {"AIProvider": {"executed_lines": [], "summary": {"covered_lines": 0, "num_statements": 2, "percent_covered": 0.0, "percent_covered_display": "0", "missing_lines": 2, "excluded_lines": 0, "percent_statements_covered": 0.0, "percent_statements_covered_display": "0"}, "missing_lines": [54, 68], "excluded_lines": [], "start_line": 41}, "GeminiProvider": {"executed_lines": [], "summary": {"covered_lines": 0, "num_statements": 21, "percent_covered": 0.0, "percent_covered_display": "0", "missing_lines": 21, "excluded_lines": 0, "percent_statements_covered": 0.0, "percent_statements_covered_display": "0"}, "missing_lines": [75, 76, 78, 79, 80, 81, 83, 84, 87, 88, 89, 90, 91, 92, 96, 97, 98, 99, 101, 116, 117], "excluded_lines": [], "start_line": 71}, "OllamaProvider": {"executed_lines": [], "summary": {"covered_lines": 0, "num_statements": 26, "percent_covered": 0.0, "percent_covered_display": "0", "missing_lines": 26, "excluded_lines": 0, "percent_statements_covered": 0.0, "percent_statements_covered_display": "0"}, "missing_lines": [124, 125, 127, 128, 129, 130, 131, 132, 133, 136, 137, 138, 139, 140, 141, 145, 148, 151, 152, 154, 157, 158, 159, 162, 164, 165], "excluded_lines": [], "start_line": 120}, "": {"executed_lines": [22, 23, 24, 25, 26, 29, 34, 35, 36, 37, 38, 41, 44, 45, 56, 57, 71, 74, 86, 94, 120, 123, 135, 143, 168, 193, 211, 235, 264, 265, 266, 269, 274, 275, 278, 279, 280, 281, 285, 286, 292, 295, 310, 311, 312, 314, 315, 317, 319, 320, 321, 322, 323, 324, 325, 326, 327, 329, 330, 332, 333, 334, 336, 337, 345, 350, 352], "summary": {"covered_lines": 67, "num_statements": 118, "percent_covered": 56.779661016949156, "percent_covered_display": "57", "missing_lines": 51, "excluded_lines": 0, "percent_statements_covered": 56.779661016949156, "percent_statements_covered_display": "57"}, "missing_lines": [177, 178, 179, 180, 183, 184, 185, 186, 187, 188, 189, 190, 202, 203, 204, 205, 206, 207, 208, 223, 225, 226, 227, 228, 230, 231, 232, 244, 246, 247, 248, 250, 251, 253, 254, 256, 258, 259, 260, 261, 276, 282, 283, 287, 288, 289, 290, 346, 347, 348, 349], "excluded_lines": [], "start_line": 1}}}, "src/audio.py": {"executed_lines": [15, 16, 17, 18, 19, 20, 22, 23, 25, 26, 27, 28, 29, 30, 31, 32, 33, 34, 35, 37, 41, 45, 57, 59, 60, 63, 64, 65, 66, 69, 70, 107, 109, 110, 111, 115, 116, 117, 118, 119, 125, 126, 127, 128, 129, 141, 143, 145, 147, 149, 151, 152, 155, 157, 158, 159, 160, 162, 163, 166, 170, 173, 174, 177, 178, 179, 182, 183, 184, 187, 189, 190, 212, 213], "summary": {"covered_lines": 74, "num_statements": 145, "percent_covered": 51.03448275862069, "percent_covered_display": "51", "missing_lines": 71, "excluded_lines": 0, "percent_statements_covered": 51.03448275862069, "percent_statements_covered_display": "51"}, "missing_lines": [39, 43, 47, 48, 51, 52, 54, 55, 61, 72, 73, 75, 78, 79, 80, 81, 82, 83, 84, 85, 86, 89, 90, 91, 92, 93, 94, 95, 97, 98, 99, 101, 102, 103, 104, 112, 113, 130, 132, 133, 134, 137, 138, 139, 153, 167, 168, 192, 193, 194, 195, 196, 197, 198, 200, 201, 202, 203, 204, 206, 207, 208, 209, 210, 215, 216, 217, 218, 219, 220, 221], "excluded_lines": [], "functions": {"Recorder.__init__": {"executed_lines": [26, 27, 28, 29, 30, 31, 32, 33, 34, 35], "summary": {"covered_lines": 10, "num_statements": 10, "percent_covered": 100.0, "percent_covered_display": "100", "missing_lines": 0, "excluded_lines": 0, "percent_statements_covered": 100.0, "percent_statements_covered_display": "100"}, "missing_lines": [], "excluded_lines": [], "start_line": 25}, "Recorder.set_device": {"executed_lines": [], "summary": {"covered_lines": 0, "num_statements": 1, "percent_covered": 0.0, "percent_covered_display": "0", "missing_lines": 1, "excluded_lines": 0, "percent_statements_covered": 0.0, "percent_statements_covered_display": "0"}, "missing_lines": [39], "excluded_lines": [], "start_line": 37}, "Recorder.set_capture_machine_audio": {"executed_lines": [], "summary": {"covered_lines": 0, "num_statements": 1, "percent_covered": 0.0, "percent_covered_display": "0", "missing_lines": 1, "excluded_lines": 0, "percent_statements_covered": 0.0, "percent_statements_covered_display": "0"}, "missing_lines": [43], "excluded_lines": [], "start_line": 41}, "Recorder.callback": {"executed_lines": [], "summary": {"covered_lines": 0, "num_statements": 6, "percent_covered": 0.0, "percent_covered_display": "0", "missing_lines": 6, "excluded_lines": 0, "percent_statements_covered": 0.0, "percent_statements_covered_display": "0"}, "missing_lines": [47, 48, 51, 52, 54, 55], "excluded_lines": [], "start_line": 45}, "Recorder.start": {"executed_lines": [59, 60, 63, 64, 65, 66, 69, 70, 107, 109, 110, 111, 115, 116, 117, 118, 119, 125, 126, 127, 128, 129], "summary": {"covered_lines": 22, "num_statements": 58, "percent_covered": 37.93103448275862, "percent_covered_display": "38", "missing_lines": 36, "excluded_lines": 0, "percent_statements_covered": 37.93103448275862, "percent_statements_covered_display": "38"}, "missing_lines": [61, 72, 73, 75, 78, 79, 80, 81, 82, 83, 84, 85, 86, 89, 90, 91, 92, 93, 94, 95, 97, 98, 99, 101, 102, 103, 104, 112, 113, 130, 132, 133, 134, 137, 138, 139], "excluded_lines": [], "start_line": 57}, "Recorder.pause": {"executed_lines": [143], "summary": {"covered_lines": 1, "num_statements": 1, "percent_covered": 100.0, "percent_covered_display": "100", "missing_lines": 0, "excluded_lines": 0, "percent_statements_covered": 100.0, "percent_statements_covered_display": "100"}, "missing_lines": [], "excluded_lines": [], "start_line": 141}, "Recorder.resume": {"executed_lines": [147], "summary": {"covered_lines": 1, "num_statements": 1, "percent_covered": 100.0, "percent_covered_display": "100", "missing_lines": 0, "excluded_lines": 0, "percent_statements_covered": 100.0, "percent_statements_covered_display": "100"}, "missing_lines": [], "excluded_lines": [], "start_line": 145}, "Recorder.stop": {"executed_lines": [151, 152, 155, 157, 158, 159, 160, 162, 163, 166, 170, 173, 174, 177, 178, 179, 182, 183, 184, 187], "summary": {"covered_lines": 20, "num_statements": 23, "percent_covered": 86.95652173913044, "percent_covered_display": "87", "missing_lines": 3, "excluded_lines": 0, "percent_statements_covered": 86.95652173913044, "percent_statements_covered_display": "87"}, "missing_lines": [153, 167, 168], "excluded_lines": [], "start_line": 149}, "Recorder.get_input_devices": {"executed_lines": [], "summary": {"covered_lines": 0, "num_statements": 17, "percent_covered": 0.0, "percent_covered_display": "0", "missing_lines": 17, "excluded_lines": 0, "percent_statements_covered": 0.0, "percent_statements_covered_display": "0"}, "missing_lines": [192, 193, 194, 195, 196, 197, 198, 200, 201, 202, 203, 204, 206, 207, 208, 209, 210], "excluded_lines": [], "start_line": 190}, "Recorder.get_duration": {"executed_lines": [], "summary": {"covered_lines": 0, "num_statements": 7, "percent_covered": 0.0, "percent_covered_display": "0", "missing_lines": 7, "excluded_lines": 0, "percent_statements_covered": 0.0, "percent_statements_covered_display": "0"}, "missing_lines": [215, 216, 217, 218, 219, 220, 221], "excluded_lines": [], "start_line": 213}, "": {"executed_lines": [15, 16, 17, 18, 19, 20, 22, 23, 25, 37, 41, 45, 57, 141, 145, 149, 189, 190, 212, 213], "summary": {"covered_lines": 20, "num_statements": 20, "percent_covered": 100.0, "percent_covered_display": "100", "missing_lines": 0, "excluded_lines": 0, "percent_statements_covered": 100.0, "percent_statements_covered_display": "100"}, "missing_lines": [], "excluded_lines": [], "start_line": 1}}, "classes": {"Recorder": {"executed_lines": [26, 27, 28, 29, 30, 31, 32, 33, 34, 35, 59, 60, 63, 64, 65, 66, 69, 70, 107, 109, 110, 111, 115, 116, 117, 118, 119, 125, 126, 127, 128, 129, 143, 147, 151, 152, 155, 157, 158, 159, 160, 162, 163, 166, 170, 173, 174, 177, 178, 179, 182, 183, 184, 187], "summary": {"covered_lines": 54, "num_statements": 125, "percent_covered": 43.2, "percent_covered_display": "43", "missing_lines": 71, "excluded_lines": 0, "percent_statements_covered": 43.2, "percent_statements_covered_display": "43"}, "missing_lines": [39, 43, 47, 48, 51, 52, 54, 55, 61, 72, 73, 75, 78, 79, 80, 81, 82, 83, 84, 85, 86, 89, 90, 91, 92, 93, 94, 95, 97, 98, 99, 101, 102, 103, 104, 112, 113, 130, 132, 133, 134, 137, 138, 139, 153, 167, 168, 192, 193, 194, 195, 196, 197, 198, 200, 201, 202, 203, 204, 206, 207, 208, 209, 210, 215, 216, 217, 218, 219, 220, 221], "excluded_lines": [], "start_line": 22}, "": {"executed_lines": [15, 16, 17, 18, 19, 20, 22, 23, 25, 37, 41, 45, 57, 141, 145, 149, 189, 190, 212, 213], "summary": {"covered_lines": 20, "num_statements": 20, "percent_covered": 100.0, "percent_covered_display": "100", "missing_lines": 0, "excluded_lines": 0, "percent_statements_covered": 100.0, "percent_statements_covered_display": "100"}, "missing_lines": [], "excluded_lines": [], "start_line": 1}}}, "src/check_orphans.py": {"executed_lines": [], "summary": {"covered_lines": 0, "num_statements": 21, "percent_covered": 0.0, "percent_covered_display": "0", "missing_lines": 21, "excluded_lines": 0, "percent_statements_covered": 0.0, "percent_statements_covered_display": "0"}, "missing_lines": [15, 16, 17, 19, 20, 21, 22, 24, 25, 27, 28, 29, 30, 31, 33, 34, 35, 36, 38, 40, 41], "excluded_lines": [], "functions": {"check_orphans": {"executed_lines": [], "summary": {"covered_lines": 0, "num_statements": 15, "percent_covered": 0.0, "percent_covered_display": "0", "missing_lines": 15, "excluded_lines": 0, "percent_statements_covered": 0.0, "percent_statements_covered_display": "0"}, "missing_lines": [20, 21, 22, 24, 25, 27, 28, 29, 30, 31, 33, 34, 35, 36, 38], "excluded_lines": [], "start_line": 19}, "": {"executed_lines": [], "summary": {"covered_lines": 0, "num_statements": 6, "percent_covered": 0.0, "percent_covered_display": "0", "missing_lines": 6, "excluded_lines": 0, "percent_statements_covered": 0.0, "percent_statements_covered_display": "0"}, "missing_lines": [15, 16, 17, 19, 40, 41], "excluded_lines": [], "start_line": 1}}, "classes": {"": {"executed_lines": [], "summary": {"covered_lines": 0, "num_statements": 21, "percent_covered": 0.0, "percent_covered_display": "0", "missing_lines": 21, "excluded_lines": 0, "percent_statements_covered": 0.0, "percent_statements_covered_display": "0"}, "missing_lines": [15, 16, 17, 19, 20, 21, 22, 24, 25, 27, 28, 29, 30, 31, 33, 34, 35, 36, 38, 40, 41], "excluded_lines": [], "start_line": 1}}}, "src/data_export.py": {"executed_lines": [23, 24, 25, 26, 27, 28, 30, 31, 34, 35, 36, 39, 40, 42, 43, 44, 45, 48, 49, 51, 52, 53, 54, 55, 58, 61, 69, 70, 71, 77, 87, 89, 102, 103, 105, 113, 114, 116, 118, 120, 121, 122, 124, 126, 128, 130, 132, 134, 140, 150, 151, 153, 154, 155, 156, 157, 158, 159, 160, 163, 164, 165, 169, 170, 172, 173, 175, 176, 178, 181, 183, 193, 195, 196, 198, 199, 201, 202, 203, 206, 207, 208, 217, 219, 229, 231, 232, 233, 234, 236, 237, 238, 241, 242, 243, 252, 254, 264, 266, 267, 268, 269, 271, 272, 273, 276, 277, 278, 287, 293, 303, 304, 305, 306, 308, 319, 321, 332], "summary": {"covered_lines": 118, "num_statements": 134, "percent_covered": 88.05970149253731, "percent_covered_display": "88", "missing_lines": 16, "excluded_lines": 0, "percent_statements_covered": 88.05970149253731, "percent_statements_covered_display": "88"}, "missing_lines": [166, 210, 212, 213, 214, 215, 245, 247, 248, 249, 250, 280, 282, 283, 284, 285], "excluded_lines": [], "functions": {"DataExporter.__init__": {"executed_lines": [69, 70, 71], "summary": {"covered_lines": 3, "num_statements": 3, "percent_covered": 100.0, "percent_covered_display": "100", "missing_lines": 0, "excluded_lines": 0, "percent_statements_covered": 100.0, "percent_statements_covered_display": "100"}, "missing_lines": [], "excluded_lines": [], "start_line": 61}, "DataExporter.export_all": {"executed_lines": [87, 89, 102, 103, 105, 113, 114], "summary": {"covered_lines": 7, "num_statements": 7, "percent_covered": 100.0, "percent_covered_display": "100", "missing_lines": 0, "excluded_lines": 0, "percent_statements_covered": 100.0, "percent_statements_covered_display": "100"}, "missing_lines": [], "excluded_lines": [], "start_line": 77}, "DataExporter.export_records": {"executed_lines": [118, 120, 121, 122], "summary": {"covered_lines": 4, "num_statements": 4, "percent_covered": 100.0, "percent_covered_display": "100", "missing_lines": 0, "excluded_lines": 0, "percent_statements_covered": 100.0, "percent_statements_covered_display": "100"}, "missing_lines": [], "excluded_lines": [], "start_line": 116}, "DataExporter.export_chat_sessions": {"executed_lines": [126], "summary": {"covered_lines": 1, "num_statements": 1, "percent_covered": 100.0, "percent_covered_display": "100", "missing_lines": 0, "excluded_lines": 0, "percent_statements_covered": 100.0, "percent_statements_covered_display": "100"}, "missing_lines": [], "excluded_lines": [], "start_line": 124}, "DataExporter.export_transcription_logs": {"executed_lines": [130], "summary": {"covered_lines": 1, "num_statements": 1, "percent_covered": 100.0, "percent_covered_display": "100", "missing_lines": 0, "excluded_lines": 0, "percent_statements_covered": 100.0, "percent_statements_covered_display": "100"}, "missing_lines": [], "excluded_lines": [], "start_line": 128}, "DataExporter.export_notebooks": {"executed_lines": [134], "summary": {"covered_lines": 1, "num_statements": 1, "percent_covered": 100.0, "percent_covered_display": "100", "missing_lines": 0, "excluded_lines": 0, "percent_statements_covered": 100.0, "percent_statements_covered_display": "100"}, "missing_lines": [], "excluded_lines": [], "start_line": 132}, "DataExporter.import_all": {"executed_lines": [150, 151, 153, 154, 155, 156, 157, 158, 159, 160, 163, 164, 165, 169, 170, 172, 173, 175, 176, 178, 181], "summary": {"covered_lines": 21, "num_statements": 22, "percent_covered": 95.45454545454545, "percent_covered_display": "95", "missing_lines": 1, "excluded_lines": 0, "percent_statements_covered": 95.45454545454545, "percent_statements_covered_display": "95"}, "missing_lines": [166], "excluded_lines": [], "start_line": 140}, "DataExporter.import_records": {"executed_lines": [193, 195, 196, 198, 199, 201, 202, 203, 206, 207, 208, 217], "summary": {"covered_lines": 12, "num_statements": 17, "percent_covered": 70.58823529411765, "percent_covered_display": "71", "missing_lines": 5, "excluded_lines": 0, "percent_statements_covered": 70.58823529411765, "percent_statements_covered_display": "71"}, "missing_lines": [210, 212, 213, 214, 215], "excluded_lines": [], "start_line": 183}, "DataExporter.import_chat_sessions": {"executed_lines": [229, 231, 232, 233, 234, 236, 237, 238, 241, 242, 243, 252], "summary": {"covered_lines": 12, "num_statements": 17, "percent_covered": 70.58823529411765, "percent_covered_display": "71", "missing_lines": 5, "excluded_lines": 0, "percent_statements_covered": 70.58823529411765, "percent_statements_covered_display": "71"}, "missing_lines": [245, 247, 248, 249, 250], "excluded_lines": [], "start_line": 219}, "DataExporter.import_notebooks": {"executed_lines": [264, 266, 267, 268, 269, 271, 272, 273, 276, 277, 278, 287], "summary": {"covered_lines": 12, "num_statements": 17, "percent_covered": 70.58823529411765, "percent_covered_display": "71", "missing_lines": 5, "excluded_lines": 0, "percent_statements_covered": 70.58823529411765, "percent_statements_covered_display": "71"}, "missing_lines": [280, 282, 283, 284, 285], "excluded_lines": [], "start_line": 254}, "DataExporter._compute_record_hash": {"executed_lines": [303, 304, 305, 306], "summary": {"covered_lines": 4, "num_statements": 4, "percent_covered": 100.0, "percent_covered_display": "100", "missing_lines": 0, "excluded_lines": 0, "percent_statements_covered": 100.0, "percent_statements_covered_display": "100"}, "missing_lines": [], "excluded_lines": [], "start_line": 293}, "DataExporter._record_exists": {"executed_lines": [319], "summary": {"covered_lines": 1, "num_statements": 1, "percent_covered": 100.0, "percent_covered_display": "100", "missing_lines": 0, "excluded_lines": 0, "percent_statements_covered": 100.0, "percent_statements_covered_display": "100"}, "missing_lines": [], "excluded_lines": [], "start_line": 308}, "DataExporter._chat_session_exists": {"executed_lines": [332], "summary": {"covered_lines": 1, "num_statements": 1, "percent_covered": 100.0, "percent_covered_display": "100", "missing_lines": 0, "excluded_lines": 0, "percent_statements_covered": 100.0, "percent_statements_covered_display": "100"}, "missing_lines": [], "excluded_lines": [], "start_line": 321}, "": {"executed_lines": [23, 24, 25, 26, 27, 28, 30, 31, 34, 35, 36, 39, 40, 42, 43, 44, 45, 48, 49, 51, 52, 53, 54, 55, 58, 61, 77, 116, 124, 128, 132, 140, 183, 219, 254, 293, 308, 321], "summary": {"covered_lines": 38, "num_statements": 38, "percent_covered": 100.0, "percent_covered_display": "100", "missing_lines": 0, "excluded_lines": 0, "percent_statements_covered": 100.0, "percent_statements_covered_display": "100"}, "missing_lines": [], "excluded_lines": [], "start_line": 1}}, "classes": {"ImportStats": {"executed_lines": [], "summary": {"covered_lines": 0, "num_statements": 0, "percent_covered": 100.0, "percent_covered_display": "100", "missing_lines": 0, "excluded_lines": 0, "percent_statements_covered": 100.0, "percent_statements_covered_display": "100"}, "missing_lines": [], "excluded_lines": [], "start_line": 40}, "ImportResult": {"executed_lines": [], "summary": {"covered_lines": 0, "num_statements": 0, "percent_covered": 100.0, "percent_covered_display": "100", "missing_lines": 0, "excluded_lines": 0, "percent_statements_covered": 100.0, "percent_statements_covered_display": "100"}, "missing_lines": [], "excluded_lines": [], "start_line": 49}, "DataExporter": {"executed_lines": [69, 70, 71, 87, 89, 102, 103, 105, 113, 114, 118, 120, 121, 122, 126, 130, 134, 150, 151, 153, 154, 155, 156, 157, 158, 159, 160, 163, 164, 165, 169, 170, 172, 173, 175, 176, 178, 181, 193, 195, 196, 198, 199, 201, 202, 203, 206, 207, 208, 217, 229, 231, 232, 233, 234, 236, 237, 238, 241, 242, 243, 252, 264, 266, 267, 268, 269, 271, 272, 273, 276, 277, 278, 287, 303, 304, 305, 306, 319, 332], "summary": {"covered_lines": 80, "num_statements": 96, "percent_covered": 83.33333333333333, "percent_covered_display": "83", "missing_lines": 16, "excluded_lines": 0, "percent_statements_covered": 83.33333333333333, "percent_statements_covered_display": "83"}, "missing_lines": [166, 210, 212, 213, 214, 215, 245, 247, 248, 249, 250, 280, 282, 283, 284, 285], "excluded_lines": [], "start_line": 58}, "": {"executed_lines": [23, 24, 25, 26, 27, 28, 30, 31, 34, 35, 36, 39, 40, 42, 43, 44, 45, 48, 49, 51, 52, 53, 54, 55, 58, 61, 77, 116, 124, 128, 132, 140, 183, 219, 254, 293, 308, 321], "summary": {"covered_lines": 38, "num_statements": 38, "percent_covered": 100.0, "percent_covered_display": "100", "missing_lines": 0, "excluded_lines": 0, "percent_statements_covered": 100.0, "percent_statements_covered_display": "100"}, "missing_lines": [], "excluded_lines": [], "start_line": 1}}}, "src/database.py": {"executed_lines": [15, 16, 17, 18, 19, 20, 22, 23, 24, 25, 27, 28, 30, 32, 33, 34, 36, 38, 40, 41, 42, 43, 44, 65, 78, 92, 105, 118, 140, 141, 143, 145, 146, 147, 149, 151, 153, 155, 157, 159, 161, 162, 165, 166, 167, 169, 171, 175, 176, 177, 181, 182, 183, 203, 224, 225, 226, 227, 228, 230, 232, 234, 236, 238, 240, 242, 246, 261, 268, 283, 287, 289, 292, 293, 294, 295, 296, 297, 298, 299, 301, 302, 307, 309, 310, 311, 312, 316, 318, 320, 321, 322, 323, 327, 328, 330, 332, 334, 336, 337, 338, 339, 340, 343, 344, 345, 347, 349, 350, 351, 352, 353, 354, 356, 358, 359, 361, 362, 364, 368, 371, 373, 375, 376, 378, 380, 381, 382, 383, 384, 386, 392, 393, 395, 396, 398, 401, 402, 403, 404, 406, 407, 409, 412, 414, 415, 416, 417, 423, 424, 426, 427, 430, 431, 432, 434, 443, 446, 448, 449, 450, 452, 454, 455, 456, 457, 459, 460, 461, 463, 464, 465, 467, 469, 470, 471, 472, 474, 475, 476, 477, 479, 481, 510, 512, 513, 514, 516, 517, 519, 521, 522, 523, 525, 526, 528, 535, 537, 538, 540, 541, 543, 544, 545, 547, 548, 549, 551, 553, 554, 555, 557, 559, 560, 561, 562, 564, 565, 567, 568, 570, 571, 572, 574, 576, 578, 579, 581, 583, 585, 586, 587, 588, 589, 590, 591, 593, 602, 604, 605, 606, 608, 609, 611, 613, 614, 615, 616, 617, 619, 621, 622, 624, 625, 627, 631, 635, 639, 641, 642, 643, 645, 647, 648, 649, 650, 652, 665, 675, 682, 693, 695, 696, 697, 698, 699, 701, 712, 713, 714, 716, 717, 719, 720, 721, 722, 723, 724, 725, 726, 728, 739, 740, 741, 742, 744, 754, 755, 756, 778, 779, 781, 791, 792, 793, 806, 807, 813, 825, 826, 828, 830, 832, 839, 840, 842, 863, 874, 875, 876, 877, 881, 882, 884, 892, 893, 894, 895, 911, 912, 914, 943, 964, 974, 975, 976, 985, 986, 990, 991, 993, 997, 998, 999, 1010, 1011, 1015, 1016, 1018, 1039, 1046, 1047, 1048, 1057, 1059, 1066, 1067, 1069, 1079, 1081, 1092, 1093, 1094, 1096, 1107, 1109, 1110, 1112, 1114, 1115, 1117, 1121, 1122, 1123, 1124, 1128, 1130, 1145, 1160, 1171, 1172, 1173, 1175, 1187, 1189, 1191, 1193, 1195, 1196, 1198, 1217, 1240, 1241, 1242, 1243, 1245, 1255, 1258, 1259, 1260, 1261, 1262, 1264, 1265, 1266, 1268, 1269, 1270, 1271, 1272, 1273, 1274, 1275, 1276, 1278, 1280, 1281, 1282, 1283, 1285, 1287, 1290, 1291, 1292, 1295, 1296, 1297, 1310, 1311, 1313, 1320, 1327, 1334, 1341, 1349, 1351, 1352, 1353, 1354, 1358, 1360, 1367, 1369, 1370, 1371, 1372, 1374, 1376, 1377, 1378, 1382, 1384, 1386, 1387, 1388, 1399, 1401, 1403, 1404, 1405, 1415, 1416, 1419, 1420, 1421, 1422, 1423, 1424, 1425, 1426, 1428, 1431, 1433, 1434, 1436, 1445, 1446, 1447, 1448, 1450, 1463, 1465, 1466, 1468, 1469, 1470, 1471, 1472, 1473, 1474, 1475, 1476, 1478, 1481, 1483, 1484, 1486, 1514, 1521, 1522, 1523, 1524, 1526, 1536, 1537, 1538, 1539, 1540, 1542, 1543, 1544, 1545, 1546, 1547, 1549, 1550, 1552, 1553, 1554, 1555, 1556, 1557, 1559, 1560, 1561, 1562, 1563, 1564, 1566, 1567, 1568, 1569, 1570, 1571, 1573, 1579, 1585, 1595, 1596, 1597, 1608, 1609, 1611, 1612, 1613, 1614, 1615, 1616, 1618, 1619, 1620, 1621, 1622, 1623, 1625, 1630, 1652, 1654, 1655, 1656, 1665, 1666, 1667, 1669, 1672, 1673, 1677, 1681, 1682, 1684, 1694, 1696, 1697, 1698, 1699, 1700, 1705, 1709], "summary": {"covered_lines": 578, "num_statements": 804, "percent_covered": 71.8905472636816, "percent_covered_display": "72", "missing_lines": 226, "excluded_lines": 0, "percent_statements_covered": 71.8905472636816, "percent_statements_covered_display": "72"}, "missing_lines": [144, 148, 150, 152, 154, 156, 158, 160, 168, 170, 172, 231, 233, 235, 237, 239, 241, 243, 303, 304, 305, 341, 342, 365, 366, 369, 410, 435, 436, 437, 438, 440, 441, 444, 483, 484, 486, 487, 489, 496, 498, 499, 500, 501, 502, 503, 505, 506, 508, 530, 531, 532, 533, 573, 580, 595, 596, 597, 598, 599, 628, 629, 632, 633, 636, 637, 654, 655, 657, 658, 659, 661, 662, 663, 667, 668, 669, 670, 672, 673, 677, 678, 679, 680, 684, 685, 686, 687, 853, 854, 855, 856, 860, 861, 926, 927, 929, 931, 933, 940, 941, 954, 955, 956, 957, 961, 962, 987, 988, 1012, 1013, 1029, 1030, 1031, 1032, 1036, 1037, 1134, 1135, 1136, 1137, 1138, 1139, 1140, 1142, 1143, 1149, 1150, 1151, 1152, 1153, 1154, 1155, 1157, 1158, 1208, 1209, 1210, 1211, 1215, 1227, 1228, 1229, 1230, 1234, 1256, 1267, 1277, 1279, 1286, 1288, 1293, 1315, 1316, 1317, 1318, 1322, 1323, 1324, 1325, 1329, 1330, 1331, 1332, 1336, 1337, 1338, 1339, 1343, 1344, 1345, 1346, 1347, 1362, 1363, 1364, 1365, 1429, 1479, 1488, 1489, 1490, 1500, 1501, 1502, 1503, 1504, 1505, 1506, 1507, 1508, 1509, 1510, 1511, 1512, 1541, 1598, 1599, 1600, 1601, 1602, 1603, 1604, 1605, 1606, 1632, 1633, 1634, 1645, 1646, 1647, 1648, 1649, 1650, 1668, 1670, 1675, 1678, 1679, 1686, 1687, 1688, 1689, 1690, 1691, 1692], "excluded_lines": [], "functions": {"DBManager.__init__": {"executed_lines": [24, 25], "summary": {"covered_lines": 2, "num_statements": 2, "percent_covered": 100.0, "percent_covered_display": "100", "missing_lines": 0, "excluded_lines": 0, "percent_statements_covered": 100.0, "percent_statements_covered_display": "100"}, "missing_lines": [], "excluded_lines": [], "start_line": 23}, "DBManager.get_connection": {"executed_lines": [30, 32, 33, 34, 36], "summary": {"covered_lines": 5, "num_statements": 5, "percent_covered": 100.0, "percent_covered_display": "100", "missing_lines": 0, "excluded_lines": 0, "percent_statements_covered": 100.0, "percent_statements_covered_display": "100"}, "missing_lines": [], "excluded_lines": [], "start_line": 28}, "DBManager.init_db": {"executed_lines": [40, 41, 42, 43, 44, 65, 78, 92, 105, 118, 140, 141, 143, 145, 146, 147, 149, 151, 153, 155, 157, 159, 161, 162, 165, 166, 167, 169, 171, 175, 176, 177, 181, 182, 183, 203, 224, 225, 226, 227, 228, 230, 232, 234, 236, 238, 240, 242, 246, 261, 268, 283, 287, 289, 292, 293, 294, 295, 296, 297, 298, 299, 301, 302], "summary": {"covered_lines": 64, "num_statements": 85, "percent_covered": 75.29411764705883, "percent_covered_display": "75", "missing_lines": 21, "excluded_lines": 0, "percent_statements_covered": 75.29411764705883, "percent_statements_covered_display": "75"}, "missing_lines": [144, 148, 150, 152, 154, 156, 158, 160, 168, 170, 172, 231, 233, 235, 237, 239, 241, 243, 303, 304, 305], "excluded_lines": [], "start_line": 38}, "DBManager.log_transcription": {"executed_lines": [309, 310, 311, 312, 316], "summary": {"covered_lines": 5, "num_statements": 5, "percent_covered": 100.0, "percent_covered_display": "100", "missing_lines": 0, "excluded_lines": 0, "percent_statements_covered": 100.0, "percent_statements_covered_display": "100"}, "missing_lines": [], "excluded_lines": [], "start_line": 307}, "DBManager.save": {"executed_lines": [320, 321, 322, 323, 327, 328], "summary": {"covered_lines": 6, "num_statements": 6, "percent_covered": 100.0, "percent_covered_display": "100", "missing_lines": 0, "excluded_lines": 0, "percent_statements_covered": 100.0, "percent_statements_covered_display": "100"}, "missing_lines": [], "excluded_lines": [], "start_line": 318}, "DBManager.save_note": {"executed_lines": [332], "summary": {"covered_lines": 1, "num_statements": 1, "percent_covered": 100.0, "percent_covered_display": "100", "missing_lines": 0, "excluded_lines": 0, "percent_statements_covered": 100.0, "percent_statements_covered_display": "100"}, "missing_lines": [], "excluded_lines": [], "start_line": 330}, "DBManager.fetch_pending_diarization": {"executed_lines": [336, 337, 338, 339, 340, 343, 344, 345], "summary": {"covered_lines": 8, "num_statements": 10, "percent_covered": 80.0, "percent_covered_display": "80", "missing_lines": 2, "excluded_lines": 0, "percent_statements_covered": 80.0, "percent_statements_covered_display": "80"}, "missing_lines": [341, 342], "excluded_lines": [], "start_line": 334}, "DBManager.fetch_diarized_records": {"executed_lines": [349, 350, 351, 352, 353, 354], "summary": {"covered_lines": 6, "num_statements": 6, "percent_covered": 100.0, "percent_covered_display": "100", "missing_lines": 0, "excluded_lines": 0, "percent_statements_covered": 100.0, "percent_statements_covered_display": "100"}, "missing_lines": [], "excluded_lines": [], "start_line": 347}, "DBManager.fetch_all": {"executed_lines": [358, 359, 361, 362, 364, 368, 371, 373, 375, 376], "summary": {"covered_lines": 10, "num_statements": 13, "percent_covered": 76.92307692307692, "percent_covered_display": "77", "missing_lines": 3, "excluded_lines": 0, "percent_statements_covered": 76.92307692307692, "percent_statements_covered_display": "77"}, "missing_lines": [365, 366, 369], "excluded_lines": [], "start_line": 356}, "DBManager.fetch_record": {"executed_lines": [380, 381, 382, 383, 384], "summary": {"covered_lines": 5, "num_statements": 5, "percent_covered": 100.0, "percent_covered_display": "100", "missing_lines": 0, "excluded_lines": 0, "percent_statements_covered": 100.0, "percent_statements_covered_display": "100"}, "missing_lines": [], "excluded_lines": [], "start_line": 378}, "DBManager.fetch_by_date_range": {"executed_lines": [392, 393, 395, 396, 398, 401, 402, 403, 404, 406, 407, 409, 412, 414, 415, 416], "summary": {"covered_lines": 16, "num_statements": 17, "percent_covered": 94.11764705882354, "percent_covered_display": "94", "missing_lines": 1, "excluded_lines": 0, "percent_statements_covered": 94.11764705882354, "percent_statements_covered_display": "94"}, "missing_lines": [410], "excluded_lines": [], "start_line": 386}, "DBManager.fetch_by_dates": {"executed_lines": [423, 424, 426, 427, 430, 431, 432, 434, 443, 446, 448, 449, 450], "summary": {"covered_lines": 13, "num_statements": 20, "percent_covered": 65.0, "percent_covered_display": "65", "missing_lines": 7, "excluded_lines": 0, "percent_statements_covered": 65.0, "percent_statements_covered_display": "65"}, "missing_lines": [435, 436, 437, 438, 440, 441, 444], "excluded_lines": [], "start_line": 417}, "DBManager.fetch_favorites": {"executed_lines": [454, 455, 456, 457, 459, 460, 461, 463, 464, 465], "summary": {"covered_lines": 10, "num_statements": 10, "percent_covered": 100.0, "percent_covered_display": "100", "missing_lines": 0, "excluded_lines": 0, "percent_statements_covered": 100.0, "percent_statements_covered_display": "100"}, "missing_lines": [], "excluded_lines": [], "start_line": 452}, "DBManager.get_all_tags": {"executed_lines": [469, 470, 471, 472, 474, 475, 476, 477, 479], "summary": {"covered_lines": 9, "num_statements": 9, "percent_covered": 100.0, "percent_covered_display": "100", "missing_lines": 0, "excluded_lines": 0, "percent_statements_covered": 100.0, "percent_statements_covered_display": "100"}, "missing_lines": [], "excluded_lines": [], "start_line": 467}, "DBManager.get_all_speakers": {"executed_lines": [], "summary": {"covered_lines": 0, "num_statements": 15, "percent_covered": 0.0, "percent_covered_display": "0", "missing_lines": 15, "excluded_lines": 0, "percent_statements_covered": 0.0, "percent_statements_covered_display": "0"}, "missing_lines": [483, 484, 486, 487, 489, 496, 498, 499, 500, 501, 502, 503, 505, 506, 508], "excluded_lines": [], "start_line": 481}, "DBManager.update_tags": {"executed_lines": [512, 513, 514, 516, 517], "summary": {"covered_lines": 5, "num_statements": 5, "percent_covered": 100.0, "percent_covered_display": "100", "missing_lines": 0, "excluded_lines": 0, "percent_statements_covered": 100.0, "percent_statements_covered_display": "100"}, "missing_lines": [], "excluded_lines": [], "start_line": 510}, "DBManager.update_title": {"executed_lines": [521, 522, 523, 525, 526], "summary": {"covered_lines": 5, "num_statements": 5, "percent_covered": 100.0, "percent_covered_display": "100", "missing_lines": 0, "excluded_lines": 0, "percent_statements_covered": 100.0, "percent_statements_covered_display": "100"}, "missing_lines": [], "excluded_lines": [], "start_line": 519}, "DBManager.update_duration": {"executed_lines": [], "summary": {"covered_lines": 0, "num_statements": 4, "percent_covered": 0.0, "percent_covered_display": "0", "missing_lines": 4, "excluded_lines": 0, "percent_statements_covered": 0.0, "percent_statements_covered_display": "0"}, "missing_lines": [530, 531, 532, 533], "excluded_lines": [], "start_line": 528}, "DBManager.update_transcription": {"executed_lines": [537, 538, 540, 541, 543, 544, 545, 547, 548, 549, 551, 553, 554, 555], "summary": {"covered_lines": 14, "num_statements": 14, "percent_covered": 100.0, "percent_covered_display": "100", "missing_lines": 0, "excluded_lines": 0, "percent_statements_covered": 100.0, "percent_statements_covered_display": "100"}, "missing_lines": [], "excluded_lines": [], "start_line": 535}, "DBManager.update_recording_notes": {"executed_lines": [559, 560, 561, 562], "summary": {"covered_lines": 4, "num_statements": 4, "percent_covered": 100.0, "percent_covered_display": "100", "missing_lines": 0, "excluded_lines": 0, "percent_statements_covered": 100.0, "percent_statements_covered_display": "100"}, "missing_lines": [], "excluded_lines": [], "start_line": 557}, "DBManager.compose_ai_text": {"executed_lines": [567, 568, 570, 571, 572, 574], "summary": {"covered_lines": 6, "num_statements": 7, "percent_covered": 85.71428571428571, "percent_covered_display": "86", "missing_lines": 1, "excluded_lines": 0, "percent_statements_covered": 85.71428571428571, "percent_statements_covered_display": "86"}, "missing_lines": [573], "excluded_lines": [], "start_line": 565}, "DBManager.get_record_ai_text": {"executed_lines": [578, 579, 581], "summary": {"covered_lines": 3, "num_statements": 4, "percent_covered": 75.0, "percent_covered_display": "75", "missing_lines": 1, "excluded_lines": 0, "percent_statements_covered": 75.0, "percent_statements_covered_display": "75"}, "missing_lines": [580], "excluded_lines": [], "start_line": 576}, "DBManager.update_ai_content": {"executed_lines": [585, 586, 587, 588, 589, 590, 591], "summary": {"covered_lines": 7, "num_statements": 7, "percent_covered": 100.0, "percent_covered_display": "100", "missing_lines": 0, "excluded_lines": 0, "percent_statements_covered": 100.0, "percent_statements_covered_display": "100"}, "missing_lines": [], "excluded_lines": [], "start_line": 583}, "DBManager.toggle_favorite": {"executed_lines": [], "summary": {"covered_lines": 0, "num_statements": 5, "percent_covered": 0.0, "percent_covered_display": "0", "missing_lines": 5, "excluded_lines": 0, "percent_statements_covered": 0.0, "percent_statements_covered_display": "0"}, "missing_lines": [595, 596, 597, 598, 599], "excluded_lines": [], "start_line": 593}, "DBManager.save_chat_session": {"executed_lines": [604, 605, 606, 608, 609], "summary": {"covered_lines": 5, "num_statements": 5, "percent_covered": 100.0, "percent_covered_display": "100", "missing_lines": 0, "excluded_lines": 0, "percent_statements_covered": 100.0, "percent_statements_covered_display": "100"}, "missing_lines": [], "excluded_lines": [], "start_line": 602}, "DBManager.fetch_chat_sessions": {"executed_lines": [613, 614, 615, 616, 617], "summary": {"covered_lines": 5, "num_statements": 5, "percent_covered": 100.0, "percent_covered_display": "100", "missing_lines": 0, "excluded_lines": 0, "percent_statements_covered": 100.0, "percent_statements_covered_display": "100"}, "missing_lines": [], "excluded_lines": [], "start_line": 611}, "DBManager.update_chat_session": {"executed_lines": [621, 622, 624, 625, 627, 631, 635, 639, 641, 642, 643], "summary": {"covered_lines": 11, "num_statements": 17, "percent_covered": 64.70588235294117, "percent_covered_display": "65", "missing_lines": 6, "excluded_lines": 0, "percent_statements_covered": 64.70588235294117, "percent_statements_covered_display": "65"}, "missing_lines": [628, 629, 632, 633, 636, 637], "excluded_lines": [], "start_line": 619}, "DBManager.delete_chat_session": {"executed_lines": [647, 648, 649, 650], "summary": {"covered_lines": 4, "num_statements": 4, "percent_covered": 100.0, "percent_covered_display": "100", "missing_lines": 0, "excluded_lines": 0, "percent_statements_covered": 100.0, "percent_statements_covered_display": "100"}, "missing_lines": [], "excluded_lines": [], "start_line": 645}, "DBManager.delete": {"executed_lines": [], "summary": {"covered_lines": 0, "num_statements": 8, "percent_covered": 0.0, "percent_covered_display": "0", "missing_lines": 8, "excluded_lines": 0, "percent_statements_covered": 0.0, "percent_statements_covered_display": "0"}, "missing_lines": [654, 655, 657, 658, 659, 661, 662, 663], "excluded_lines": [], "start_line": 652}, "DBManager.increment_attempt": {"executed_lines": [], "summary": {"covered_lines": 0, "num_statements": 6, "percent_covered": 0.0, "percent_covered_display": "0", "missing_lines": 6, "excluded_lines": 0, "percent_statements_covered": 0.0, "percent_statements_covered_display": "0"}, "missing_lines": [667, 668, 669, 670, 672, 673], "excluded_lines": [], "start_line": 665}, "DBManager.set_error": {"executed_lines": [], "summary": {"covered_lines": 0, "num_statements": 4, "percent_covered": 0.0, "percent_covered_display": "0", "missing_lines": 4, "excluded_lines": 0, "percent_statements_covered": 0.0, "percent_statements_covered_display": "0"}, "missing_lines": [677, 678, 679, 680], "excluded_lines": [], "start_line": 675}, "DBManager.reset_attempts": {"executed_lines": [], "summary": {"covered_lines": 0, "num_statements": 4, "percent_covered": 0.0, "percent_covered_display": "0", "missing_lines": 4, "excluded_lines": 0, "percent_statements_covered": 0.0, "percent_statements_covered_display": "0"}, "missing_lines": [684, 685, 686, 687], "excluded_lines": [], "start_line": 682}, "DBManager.fetch_transcription_logs": {"executed_lines": [695, 696, 697, 698, 699], "summary": {"covered_lines": 5, "num_statements": 5, "percent_covered": 100.0, "percent_covered_display": "100", "missing_lines": 0, "excluded_lines": 0, "percent_statements_covered": 100.0, "percent_statements_covered_display": "100"}, "missing_lines": [], "excluded_lines": [], "start_line": 693}, "DBManager.record_exists_by_hash": {"executed_lines": [712, 713, 714, 716, 717, 719, 720, 721, 722, 723, 724, 725, 726], "summary": {"covered_lines": 13, "num_statements": 13, "percent_covered": 100.0, "percent_covered_display": "100", "missing_lines": 0, "excluded_lines": 0, "percent_statements_covered": 100.0, "percent_statements_covered_display": "100"}, "missing_lines": [], "excluded_lines": [], "start_line": 701}, "DBManager.chat_session_exists": {"executed_lines": [739, 740, 741, 742], "summary": {"covered_lines": 4, "num_statements": 4, "percent_covered": 100.0, "percent_covered_display": "100", "missing_lines": 0, "excluded_lines": 0, "percent_statements_covered": 100.0, "percent_statements_covered_display": "100"}, "missing_lines": [], "excluded_lines": [], "start_line": 728}, "DBManager.import_record": {"executed_lines": [754, 755, 756, 778, 779], "summary": {"covered_lines": 5, "num_statements": 5, "percent_covered": 100.0, "percent_covered_display": "100", "missing_lines": 0, "excluded_lines": 0, "percent_statements_covered": 100.0, "percent_statements_covered_display": "100"}, "missing_lines": [], "excluded_lines": [], "start_line": 744}, "DBManager.import_chat_session": {"executed_lines": [791, 792, 793, 806, 807], "summary": {"covered_lines": 5, "num_statements": 5, "percent_covered": 100.0, "percent_covered_display": "100", "missing_lines": 0, "excluded_lines": 0, "percent_statements_covered": 100.0, "percent_statements_covered_display": "100"}, "missing_lines": [], "excluded_lines": [], "start_line": 781}, "DBManager.save_daily_summary": {"executed_lines": [825, 826, 828, 830, 832, 839, 840], "summary": {"covered_lines": 7, "num_statements": 7, "percent_covered": 100.0, "percent_covered_display": "100", "missing_lines": 0, "excluded_lines": 0, "percent_statements_covered": 100.0, "percent_statements_covered_display": "100"}, "missing_lines": [], "excluded_lines": [], "start_line": 813}, "DBManager.get_daily_summary": {"executed_lines": [], "summary": {"covered_lines": 0, "num_statements": 6, "percent_covered": 0.0, "percent_covered_display": "0", "missing_lines": 6, "excluded_lines": 0, "percent_statements_covered": 0.0, "percent_statements_covered_display": "0"}, "missing_lines": [1029, 1030, 1031, 1032, 1036, 1037], "excluded_lines": [], "start_line": 1018}, "DBManager.get_daily_summary_details": {"executed_lines": [874, 875, 876, 877, 881, 882], "summary": {"covered_lines": 6, "num_statements": 6, "percent_covered": 100.0, "percent_covered_display": "100", "missing_lines": 0, "excluded_lines": 0, "percent_statements_covered": 100.0, "percent_statements_covered_display": "100"}, "missing_lines": [], "excluded_lines": [], "start_line": 863}, "DBManager.get_latest_recording_day_without_daily_summary": {"executed_lines": [892, 893, 894, 895, 911, 912], "summary": {"covered_lines": 6, "num_statements": 6, "percent_covered": 100.0, "percent_covered_display": "100", "missing_lines": 0, "excluded_lines": 0, "percent_statements_covered": 100.0, "percent_statements_covered_display": "100"}, "missing_lines": [], "excluded_lines": [], "start_line": 884}, "DBManager.save_weekly_summary": {"executed_lines": [], "summary": {"covered_lines": 0, "num_statements": 7, "percent_covered": 0.0, "percent_covered_display": "0", "missing_lines": 7, "excluded_lines": 0, "percent_statements_covered": 0.0, "percent_statements_covered_display": "0"}, "missing_lines": [926, 927, 929, 931, 933, 940, 941], "excluded_lines": [], "start_line": 914}, "DBManager.get_weekly_summary": {"executed_lines": [], "summary": {"covered_lines": 0, "num_statements": 6, "percent_covered": 0.0, "percent_covered_display": "0", "missing_lines": 6, "excluded_lines": 0, "percent_statements_covered": 0.0, "percent_statements_covered_display": "0"}, "missing_lines": [954, 955, 956, 957, 961, 962], "excluded_lines": [], "start_line": 943}, "DBManager.get_records_without_summary": {"executed_lines": [974, 975, 976, 985, 986, 990, 991], "summary": {"covered_lines": 7, "num_statements": 9, "percent_covered": 77.77777777777777, "percent_covered_display": "78", "missing_lines": 2, "excluded_lines": 0, "percent_statements_covered": 77.77777777777777, "percent_statements_covered_display": "78"}, "missing_lines": [987, 988], "excluded_lines": [], "start_line": 964}, "DBManager.get_records_without_tasks": {"executed_lines": [997, 998, 999, 1010, 1011, 1015, 1016], "summary": {"covered_lines": 7, "num_statements": 9, "percent_covered": 77.77777777777777, "percent_covered_display": "78", "missing_lines": 2, "excluded_lines": 0, "percent_statements_covered": 77.77777777777777, "percent_statements_covered_display": "78"}, "missing_lines": [1012, 1013], "excluded_lines": [], "start_line": 993}, "DBManager.get_dates_with_content": {"executed_lines": [1046, 1047, 1048, 1057], "summary": {"covered_lines": 4, "num_statements": 4, "percent_covered": 100.0, "percent_covered_display": "100", "missing_lines": 0, "excluded_lines": 0, "percent_statements_covered": 100.0, "percent_statements_covered_display": "100"}, "missing_lines": [], "excluded_lines": [], "start_line": 1039}, "DBManager.get_weeks_with_content": {"executed_lines": [1066, 1067, 1069, 1079], "summary": {"covered_lines": 4, "num_statements": 4, "percent_covered": 100.0, "percent_covered_display": "100", "missing_lines": 0, "excluded_lines": 0, "percent_statements_covered": 100.0, "percent_statements_covered_display": "100"}, "missing_lines": [], "excluded_lines": [], "start_line": 1059}, "DBManager.get_dates_without_summary": {"executed_lines": [1092, 1093, 1094, 1096, 1107, 1109, 1110, 1112, 1114, 1115], "summary": {"covered_lines": 10, "num_statements": 10, "percent_covered": 100.0, "percent_covered_display": "100", "missing_lines": 0, "excluded_lines": 0, "percent_statements_covered": 100.0, "percent_statements_covered_display": "100"}, "missing_lines": [], "excluded_lines": [], "start_line": 1081}, "DBManager.fetch_daily_summaries_by_range": {"executed_lines": [1121, 1122, 1123, 1124, 1128], "summary": {"covered_lines": 5, "num_statements": 5, "percent_covered": 100.0, "percent_covered_display": "100", "missing_lines": 0, "excluded_lines": 0, "percent_statements_covered": 100.0, "percent_statements_covered_display": "100"}, "missing_lines": [], "excluded_lines": [], "start_line": 1117}, "DBManager.fetch_daily_summaries": {"executed_lines": [], "summary": {"covered_lines": 0, "num_statements": 9, "percent_covered": 0.0, "percent_covered_display": "0", "missing_lines": 9, "excluded_lines": 0, "percent_statements_covered": 0.0, "percent_statements_covered_display": "0"}, "missing_lines": [1134, 1135, 1136, 1137, 1138, 1139, 1140, 1142, 1143], "excluded_lines": [], "start_line": 1130}, "DBManager.fetch_weekly_summaries": {"executed_lines": [], "summary": {"covered_lines": 0, "num_statements": 9, "percent_covered": 0.0, "percent_covered_display": "0", "missing_lines": 9, "excluded_lines": 0, "percent_statements_covered": 0.0, "percent_statements_covered_display": "0"}, "missing_lines": [1149, 1150, 1151, 1152, 1153, 1154, 1155, 1157, 1158], "excluded_lines": [], "start_line": 1145}, "DBManager.get_weeks_without_summary": {"executed_lines": [1171, 1172, 1173, 1175, 1187, 1189, 1191, 1193, 1195, 1196], "summary": {"covered_lines": 10, "num_statements": 10, "percent_covered": 100.0, "percent_covered_display": "100", "missing_lines": 0, "excluded_lines": 0, "percent_statements_covered": 100.0, "percent_statements_covered_display": "100"}, "missing_lines": [], "excluded_lines": [], "start_line": 1160}, "DBManager.get_dates_with_summary": {"executed_lines": [], "summary": {"covered_lines": 0, "num_statements": 5, "percent_covered": 0.0, "percent_covered_display": "0", "missing_lines": 5, "excluded_lines": 0, "percent_statements_covered": 0.0, "percent_statements_covered_display": "0"}, "missing_lines": [1208, 1209, 1210, 1211, 1215], "excluded_lines": [], "start_line": 1198}, "DBManager.get_weeks_with_summary": {"executed_lines": [], "summary": {"covered_lines": 0, "num_statements": 5, "percent_covered": 0.0, "percent_covered_display": "0", "missing_lines": 5, "excluded_lines": 0, "percent_statements_covered": 0.0, "percent_statements_covered_display": "0"}, "missing_lines": [1227, 1228, 1229, 1230, 1234], "excluded_lines": [], "start_line": 1217}, "DBManager._week_sunday": {"executed_lines": [1241, 1242, 1243], "summary": {"covered_lines": 3, "num_statements": 3, "percent_covered": 100.0, "percent_covered_display": "100", "missing_lines": 0, "excluded_lines": 0, "percent_statements_covered": 100.0, "percent_statements_covered_display": "100"}, "missing_lines": [], "excluded_lines": [], "start_line": 1240}, "DBManager.save_task": {"executed_lines": [1255, 1258, 1259, 1260, 1261, 1262, 1264, 1265, 1266, 1268, 1269, 1270, 1271, 1272, 1273, 1274, 1275, 1276, 1278, 1280, 1281, 1282, 1283, 1285, 1287, 1290, 1291, 1292, 1295, 1296, 1297, 1310, 1311], "summary": {"covered_lines": 33, "num_statements": 40, "percent_covered": 82.5, "percent_covered_display": "82", "missing_lines": 7, "excluded_lines": 0, "percent_statements_covered": 82.5, "percent_statements_covered_display": "82"}, "missing_lines": [1256, 1267, 1277, 1279, 1286, 1288, 1293], "excluded_lines": [], "start_line": 1245}, "DBManager.delete_task": {"executed_lines": [], "summary": {"covered_lines": 0, "num_statements": 4, "percent_covered": 0.0, "percent_covered_display": "0", "missing_lines": 4, "excluded_lines": 0, "percent_statements_covered": 0.0, "percent_statements_covered_display": "0"}, "missing_lines": [1315, 1316, 1317, 1318], "excluded_lines": [], "start_line": 1313}, "DBManager.update_task_content": {"executed_lines": [], "summary": {"covered_lines": 0, "num_statements": 4, "percent_covered": 0.0, "percent_covered_display": "0", "missing_lines": 4, "excluded_lines": 0, "percent_statements_covered": 0.0, "percent_statements_covered_display": "0"}, "missing_lines": [1322, 1323, 1324, 1325], "excluded_lines": [], "start_line": 1320}, "DBManager.update_task_notes": {"executed_lines": [], "summary": {"covered_lines": 0, "num_statements": 4, "percent_covered": 0.0, "percent_covered_display": "0", "missing_lines": 4, "excluded_lines": 0, "percent_statements_covered": 0.0, "percent_statements_covered_display": "0"}, "missing_lines": [1329, 1330, 1331, 1332], "excluded_lines": [], "start_line": 1327}, "DBManager.update_task_content_and_notes": {"executed_lines": [], "summary": {"covered_lines": 0, "num_statements": 4, "percent_covered": 0.0, "percent_covered_display": "0", "missing_lines": 4, "excluded_lines": 0, "percent_statements_covered": 0.0, "percent_statements_covered_display": "0"}, "missing_lines": [1336, 1337, 1338, 1339], "excluded_lines": [], "start_line": 1334}, "DBManager.update_task_tags": {"executed_lines": [], "summary": {"covered_lines": 0, "num_statements": 5, "percent_covered": 0.0, "percent_covered_display": "0", "missing_lines": 5, "excluded_lines": 0, "percent_statements_covered": 0.0, "percent_statements_covered_display": "0"}, "missing_lines": [1343, 1344, 1345, 1346, 1347], "excluded_lines": [], "start_line": 1341}, "DBManager.update_task_details": {"executed_lines": [1351, 1352, 1353, 1354, 1358], "summary": {"covered_lines": 5, "num_statements": 5, "percent_covered": 100.0, "percent_covered_display": "100", "missing_lines": 0, "excluded_lines": 0, "percent_statements_covered": 100.0, "percent_statements_covered_display": "100"}, "missing_lines": [], "excluded_lines": [], "start_line": 1349}, "DBManager.delete_tasks_by_record": {"executed_lines": [], "summary": {"covered_lines": 0, "num_statements": 4, "percent_covered": 0.0, "percent_covered_display": "0", "missing_lines": 4, "excluded_lines": 0, "percent_statements_covered": 0.0, "percent_statements_covered_display": "0"}, "missing_lines": [1362, 1363, 1364, 1365], "excluded_lines": [], "start_line": 1360}, "DBManager.delete_ai_tasks_by_record": {"executed_lines": [1369, 1370, 1371, 1372], "summary": {"covered_lines": 4, "num_statements": 4, "percent_covered": 100.0, "percent_covered_display": "100", "missing_lines": 0, "excluded_lines": 0, "percent_statements_covered": 100.0, "percent_statements_covered_display": "100"}, "missing_lines": [], "excluded_lines": [], "start_line": 1367}, "DBManager.has_ai_tasks_for_record": {"executed_lines": [1376, 1377, 1378, 1382], "summary": {"covered_lines": 4, "num_statements": 4, "percent_covered": 100.0, "percent_covered_display": "100", "missing_lines": 0, "excluded_lines": 0, "percent_statements_covered": 100.0, "percent_statements_covered_display": "100"}, "missing_lines": [], "excluded_lines": [], "start_line": 1374}, "DBManager.get_tasks_by_record": {"executed_lines": [1386, 1387, 1388, 1399], "summary": {"covered_lines": 4, "num_statements": 4, "percent_covered": 100.0, "percent_covered_display": "100", "missing_lines": 0, "excluded_lines": 0, "percent_statements_covered": 100.0, "percent_statements_covered_display": "100"}, "missing_lines": [], "excluded_lines": [], "start_line": 1384}, "DBManager.get_tasks_by_date": {"executed_lines": [1403, 1404, 1405, 1415, 1416, 1419, 1420, 1421, 1422, 1423, 1424, 1425, 1426, 1428, 1431, 1433, 1434], "summary": {"covered_lines": 17, "num_statements": 18, "percent_covered": 94.44444444444444, "percent_covered_display": "94", "missing_lines": 1, "excluded_lines": 0, "percent_statements_covered": 94.44444444444444, "percent_statements_covered_display": "94"}, "missing_lines": [1429], "excluded_lines": [], "start_line": 1401}, "DBManager.get_tasks_by_date_range": {"executed_lines": [1445, 1446, 1447, 1448, 1450, 1463, 1465, 1466, 1468, 1469, 1470, 1471, 1472, 1473, 1474, 1475, 1476, 1478, 1481, 1483, 1484], "summary": {"covered_lines": 21, "num_statements": 22, "percent_covered": 95.45454545454545, "percent_covered_display": "95", "missing_lines": 1, "excluded_lines": 0, "percent_statements_covered": 95.45454545454545, "percent_statements_covered_display": "95"}, "missing_lines": [1479], "excluded_lines": [], "start_line": 1436}, "DBManager.get_tasks_by_week": {"executed_lines": [], "summary": {"covered_lines": 0, "num_statements": 16, "percent_covered": 0.0, "percent_covered_display": "0", "missing_lines": 16, "excluded_lines": 0, "percent_statements_covered": 0.0, "percent_statements_covered_display": "0"}, "missing_lines": [1488, 1489, 1490, 1500, 1501, 1502, 1503, 1504, 1505, 1506, 1507, 1508, 1509, 1510, 1511, 1512], "excluded_lines": [], "start_line": 1486}, "DBManager.get_weekly_task_snapshot": {"executed_lines": [1521, 1522, 1523, 1524, 1526, 1536, 1549, 1550, 1552, 1553, 1554, 1555, 1556, 1557, 1559, 1560, 1561, 1562, 1563, 1564, 1566, 1567, 1568, 1569, 1570, 1571, 1573], "summary": {"covered_lines": 27, "num_statements": 27, "percent_covered": 100.0, "percent_covered_display": "100", "missing_lines": 0, "excluded_lines": 0, "percent_statements_covered": 100.0, "percent_statements_covered_display": "100"}, "missing_lines": [], "excluded_lines": [], "start_line": 1514}, "DBManager.get_weekly_task_snapshot._append_tags_filter": {"executed_lines": [1537, 1538, 1539, 1540, 1542, 1543, 1544, 1545, 1546, 1547], "summary": {"covered_lines": 10, "num_statements": 11, "percent_covered": 90.9090909090909, "percent_covered_display": "91", "missing_lines": 1, "excluded_lines": 0, "percent_statements_covered": 90.9090909090909, "percent_statements_covered_display": "91"}, "missing_lines": [1541], "excluded_lines": [], "start_line": 1536}, "DBManager.get_daily_task_snapshot": {"executed_lines": [1585, 1595, 1608, 1609, 1611, 1612, 1613, 1614, 1615, 1616, 1618, 1619, 1620, 1621, 1622, 1623, 1625], "summary": {"covered_lines": 17, "num_statements": 17, "percent_covered": 100.0, "percent_covered_display": "100", "missing_lines": 0, "excluded_lines": 0, "percent_statements_covered": 100.0, "percent_statements_covered_display": "100"}, "missing_lines": [], "excluded_lines": [], "start_line": 1579}, "DBManager.get_daily_task_snapshot._append_tags_filter": {"executed_lines": [1596, 1597], "summary": {"covered_lines": 2, "num_statements": 11, "percent_covered": 18.181818181818183, "percent_covered_display": "18", "missing_lines": 9, "excluded_lines": 0, "percent_statements_covered": 18.181818181818183, "percent_statements_covered_display": "18"}, "missing_lines": [1598, 1599, 1600, 1601, 1602, 1603, 1604, 1605, 1606], "excluded_lines": [], "start_line": 1595}, "DBManager.get_recent_incomplete_tasks": {"executed_lines": [], "summary": {"covered_lines": 0, "num_statements": 9, "percent_covered": 0.0, "percent_covered_display": "0", "missing_lines": 9, "excluded_lines": 0, "percent_statements_covered": 0.0, "percent_statements_covered_display": "0"}, "missing_lines": [1632, 1633, 1634, 1645, 1646, 1647, 1648, 1649, 1650], "excluded_lines": [], "start_line": 1630}, "DBManager.get_tasks_for_board": {"executed_lines": [1654, 1655, 1656, 1665, 1666, 1667, 1669, 1672, 1673, 1677, 1681, 1682], "summary": {"covered_lines": 12, "num_statements": 17, "percent_covered": 70.58823529411765, "percent_covered_display": "71", "missing_lines": 5, "excluded_lines": 0, "percent_statements_covered": 70.58823529411765, "percent_statements_covered_display": "71"}, "missing_lines": [1668, 1670, 1675, 1678, 1679], "excluded_lines": [], "start_line": 1652}, "DBManager.set_tasks_custom_order": {"executed_lines": [], "summary": {"covered_lines": 0, "num_statements": 7, "percent_covered": 0.0, "percent_covered_display": "0", "missing_lines": 7, "excluded_lines": 0, "percent_statements_covered": 0.0, "percent_statements_covered_display": "0"}, "missing_lines": [1686, 1687, 1688, 1689, 1690, 1691, 1692], "excluded_lines": [], "start_line": 1684}, "DBManager.toggle_task_completion": {"executed_lines": [1696, 1697, 1698, 1699, 1700, 1705, 1709], "summary": {"covered_lines": 7, "num_statements": 7, "percent_covered": 100.0, "percent_covered_display": "100", "missing_lines": 0, "excluded_lines": 0, "percent_statements_covered": 100.0, "percent_statements_covered_display": "100"}, "missing_lines": [], "excluded_lines": [], "start_line": 1694}, "": {"executed_lines": [15, 16, 17, 18, 19, 20, 22, 23, 27, 28, 38, 307, 318, 330, 334, 347, 356, 378, 386, 417, 452, 467, 481, 510, 519, 528, 535, 557, 564, 565, 576, 583, 593, 602, 611, 619, 645, 652, 665, 675, 682, 693, 701, 728, 744, 781, 813, 842, 863, 884, 914, 943, 964, 993, 1018, 1039, 1059, 1081, 1117, 1130, 1145, 1160, 1198, 1217, 1240, 1245, 1313, 1320, 1327, 1334, 1341, 1349, 1360, 1367, 1374, 1384, 1401, 1436, 1486, 1514, 1579, 1630, 1652, 1684, 1694], "summary": {"covered_lines": 85, "num_statements": 85, "percent_covered": 100.0, "percent_covered_display": "100", "missing_lines": 0, "excluded_lines": 0, "percent_statements_covered": 100.0, "percent_statements_covered_display": "100"}, "missing_lines": [], "excluded_lines": [], "start_line": 1}}, "classes": {"DBManager": {"executed_lines": [24, 25, 30, 32, 33, 34, 36, 40, 41, 42, 43, 44, 65, 78, 92, 105, 118, 140, 141, 143, 145, 146, 147, 149, 151, 153, 155, 157, 159, 161, 162, 165, 166, 167, 169, 171, 175, 176, 177, 181, 182, 183, 203, 224, 225, 226, 227, 228, 230, 232, 234, 236, 238, 240, 242, 246, 261, 268, 283, 287, 289, 292, 293, 294, 295, 296, 297, 298, 299, 301, 302, 309, 310, 311, 312, 316, 320, 321, 322, 323, 327, 328, 332, 336, 337, 338, 339, 340, 343, 344, 345, 349, 350, 351, 352, 353, 354, 358, 359, 361, 362, 364, 368, 371, 373, 375, 376, 380, 381, 382, 383, 384, 392, 393, 395, 396, 398, 401, 402, 403, 404, 406, 407, 409, 412, 414, 415, 416, 423, 424, 426, 427, 430, 431, 432, 434, 443, 446, 448, 449, 450, 454, 455, 456, 457, 459, 460, 461, 463, 464, 465, 469, 470, 471, 472, 474, 475, 476, 477, 479, 512, 513, 514, 516, 517, 521, 522, 523, 525, 526, 537, 538, 540, 541, 543, 544, 545, 547, 548, 549, 551, 553, 554, 555, 559, 560, 561, 562, 567, 568, 570, 571, 572, 574, 578, 579, 581, 585, 586, 587, 588, 589, 590, 591, 604, 605, 606, 608, 609, 613, 614, 615, 616, 617, 621, 622, 624, 625, 627, 631, 635, 639, 641, 642, 643, 647, 648, 649, 650, 695, 696, 697, 698, 699, 712, 713, 714, 716, 717, 719, 720, 721, 722, 723, 724, 725, 726, 739, 740, 741, 742, 754, 755, 756, 778, 779, 791, 792, 793, 806, 807, 825, 826, 828, 830, 832, 839, 840, 874, 875, 876, 877, 881, 882, 892, 893, 894, 895, 911, 912, 974, 975, 976, 985, 986, 990, 991, 997, 998, 999, 1010, 1011, 1015, 1016, 1046, 1047, 1048, 1057, 1066, 1067, 1069, 1079, 1092, 1093, 1094, 1096, 1107, 1109, 1110, 1112, 1114, 1115, 1121, 1122, 1123, 1124, 1128, 1171, 1172, 1173, 1175, 1187, 1189, 1191, 1193, 1195, 1196, 1241, 1242, 1243, 1255, 1258, 1259, 1260, 1261, 1262, 1264, 1265, 1266, 1268, 1269, 1270, 1271, 1272, 1273, 1274, 1275, 1276, 1278, 1280, 1281, 1282, 1283, 1285, 1287, 1290, 1291, 1292, 1295, 1296, 1297, 1310, 1311, 1351, 1352, 1353, 1354, 1358, 1369, 1370, 1371, 1372, 1376, 1377, 1378, 1382, 1386, 1387, 1388, 1399, 1403, 1404, 1405, 1415, 1416, 1419, 1420, 1421, 1422, 1423, 1424, 1425, 1426, 1428, 1431, 1433, 1434, 1445, 1446, 1447, 1448, 1450, 1463, 1465, 1466, 1468, 1469, 1470, 1471, 1472, 1473, 1474, 1475, 1476, 1478, 1481, 1483, 1484, 1521, 1522, 1523, 1524, 1526, 1536, 1537, 1538, 1539, 1540, 1542, 1543, 1544, 1545, 1546, 1547, 1549, 1550, 1552, 1553, 1554, 1555, 1556, 1557, 1559, 1560, 1561, 1562, 1563, 1564, 1566, 1567, 1568, 1569, 1570, 1571, 1573, 1585, 1595, 1596, 1597, 1608, 1609, 1611, 1612, 1613, 1614, 1615, 1616, 1618, 1619, 1620, 1621, 1622, 1623, 1625, 1654, 1655, 1656, 1665, 1666, 1667, 1669, 1672, 1673, 1677, 1681, 1682, 1696, 1697, 1698, 1699, 1700, 1705, 1709], "summary": {"covered_lines": 493, "num_statements": 719, "percent_covered": 68.56745479833101, "percent_covered_display": "69", "missing_lines": 226, "excluded_lines": 0, "percent_statements_covered": 68.56745479833101, "percent_statements_covered_display": "69"}, "missing_lines": [144, 148, 150, 152, 154, 156, 158, 160, 168, 170, 172, 231, 233, 235, 237, 239, 241, 243, 303, 304, 305, 341, 342, 365, 366, 369, 410, 435, 436, 437, 438, 440, 441, 444, 483, 484, 486, 487, 489, 496, 498, 499, 500, 501, 502, 503, 505, 506, 508, 530, 531, 532, 533, 573, 580, 595, 596, 597, 598, 599, 628, 629, 632, 633, 636, 637, 654, 655, 657, 658, 659, 661, 662, 663, 667, 668, 669, 670, 672, 673, 677, 678, 679, 680, 684, 685, 686, 687, 853, 854, 855, 856, 860, 861, 926, 927, 929, 931, 933, 940, 941, 954, 955, 956, 957, 961, 962, 987, 988, 1012, 1013, 1029, 1030, 1031, 1032, 1036, 1037, 1134, 1135, 1136, 1137, 1138, 1139, 1140, 1142, 1143, 1149, 1150, 1151, 1152, 1153, 1154, 1155, 1157, 1158, 1208, 1209, 1210, 1211, 1215, 1227, 1228, 1229, 1230, 1234, 1256, 1267, 1277, 1279, 1286, 1288, 1293, 1315, 1316, 1317, 1318, 1322, 1323, 1324, 1325, 1329, 1330, 1331, 1332, 1336, 1337, 1338, 1339, 1343, 1344, 1345, 1346, 1347, 1362, 1363, 1364, 1365, 1429, 1479, 1488, 1489, 1490, 1500, 1501, 1502, 1503, 1504, 1505, 1506, 1507, 1508, 1509, 1510, 1511, 1512, 1541, 1598, 1599, 1600, 1601, 1602, 1603, 1604, 1605, 1606, 1632, 1633, 1634, 1645, 1646, 1647, 1648, 1649, 1650, 1668, 1670, 1675, 1678, 1679, 1686, 1687, 1688, 1689, 1690, 1691, 1692], "excluded_lines": [], "start_line": 22}, "": {"executed_lines": [15, 16, 17, 18, 19, 20, 22, 23, 27, 28, 38, 307, 318, 330, 334, 347, 356, 378, 386, 417, 452, 467, 481, 510, 519, 528, 535, 557, 564, 565, 576, 583, 593, 602, 611, 619, 645, 652, 665, 675, 682, 693, 701, 728, 744, 781, 813, 842, 863, 884, 914, 943, 964, 993, 1018, 1039, 1059, 1081, 1117, 1130, 1145, 1160, 1198, 1217, 1240, 1245, 1313, 1320, 1327, 1334, 1341, 1349, 1360, 1367, 1374, 1384, 1401, 1436, 1486, 1514, 1579, 1630, 1652, 1684, 1694], "summary": {"covered_lines": 85, "num_statements": 85, "percent_covered": 100.0, "percent_covered_display": "100", "missing_lines": 0, "excluded_lines": 0, "percent_statements_covered": 100.0, "percent_statements_covered_display": "100"}, "missing_lines": [], "excluded_lines": [], "start_line": 1}}}, "src/logging_config.py": {"executed_lines": [], "summary": {"covered_lines": 0, "num_statements": 30, "percent_covered": 0.0, "percent_covered_display": "0", "missing_lines": 30, "excluded_lines": 0, "percent_statements_covered": 0.0, "percent_statements_covered_display": "0"}, "missing_lines": [15, 16, 17, 18, 19, 20, 21, 23, 24, 25, 26, 28, 36, 37, 38, 41, 51, 52, 53, 55, 58, 59, 65, 68, 70, 71, 72, 73, 74, 76], "excluded_lines": [], "functions": {"setup_logging": {"executed_lines": [], "summary": {"covered_lines": 0, "num_statements": 15, "percent_covered": 0.0, "percent_covered_display": "0", "missing_lines": 15, "excluded_lines": 0, "percent_statements_covered": 0.0, "percent_statements_covered_display": "0"}, "missing_lines": [36, 37, 38, 41, 51, 55, 58, 65, 68, 70, 71, 72, 73, 74, 76], "excluded_lines": [], "start_line": 28}, "setup_logging.exception_hook": {"executed_lines": [], "summary": {"covered_lines": 0, "num_statements": 2, "percent_covered": 0.0, "percent_covered_display": "0", "missing_lines": 2, "excluded_lines": 0, "percent_statements_covered": 0.0, "percent_statements_covered_display": "0"}, "missing_lines": [52, 53], "excluded_lines": [], "start_line": 51}, "setup_logging.thread_exception_hook": {"executed_lines": [], "summary": {"covered_lines": 0, "num_statements": 1, "percent_covered": 0.0, "percent_covered_display": "0", "missing_lines": 1, "excluded_lines": 0, "percent_statements_covered": 0.0, "percent_statements_covered_display": "0"}, "missing_lines": [59], "excluded_lines": [], "start_line": 58}, "": {"executed_lines": [], "summary": {"covered_lines": 0, "num_statements": 12, "percent_covered": 0.0, "percent_covered_display": "0", "missing_lines": 12, "excluded_lines": 0, "percent_statements_covered": 0.0, "percent_statements_covered_display": "0"}, "missing_lines": [15, 16, 17, 18, 19, 20, 21, 23, 24, 25, 26, 28], "excluded_lines": [], "start_line": 1}}, "classes": {"": {"executed_lines": [], "summary": {"covered_lines": 0, "num_statements": 30, "percent_covered": 0.0, "percent_covered_display": "0", "missing_lines": 30, "excluded_lines": 0, "percent_statements_covered": 0.0, "percent_statements_covered_display": "0"}, "missing_lines": [15, 16, 17, 18, 19, 20, 21, 23, 24, 25, 26, 28, 36, 37, 38, 41, 51, 52, 53, 55, 58, 59, 65, 68, 70, 71, 72, 73, 74, 76], "excluded_lines": [], "start_line": 1}}}, "src/notebook_database.py": {"executed_lines": [15, 16, 17, 18, 20, 21, 22, 23, 25, 26, 28, 29, 30, 31, 32, 34, 36, 38, 39, 42, 52, 65, 67, 69, 70, 71, 72, 73, 75, 77, 78, 79, 80, 82, 84, 85, 86, 87, 88, 90, 92, 93, 94, 95, 97, 99, 100, 101, 105, 106, 108, 110, 111, 112, 116, 117, 119, 121, 122, 123, 124, 126, 133, 145, 147, 148, 149, 150, 152, 154, 155, 156, 157, 163, 165, 166, 167, 168, 170, 181, 182, 183, 184, 186, 196, 197, 200, 208, 211, 212, 213, 215, 216, 218, 230, 243], "summary": {"covered_lines": 96, "num_statements": 108, "percent_covered": 88.88888888888889, "percent_covered_display": "89", "missing_lines": 12, "excluded_lines": 0, "percent_statements_covered": 88.88888888888889, "percent_statements_covered_display": "89"}, "missing_lines": [128, 129, 130, 131, 135, 136, 137, 138, 139, 141, 142, 143], "excluded_lines": [], "functions": {"NotebookDBManager.__init__": {"executed_lines": [22, 23], "summary": {"covered_lines": 2, "num_statements": 2, "percent_covered": 100.0, "percent_covered_display": "100", "missing_lines": 0, "excluded_lines": 0, "percent_statements_covered": 100.0, "percent_statements_covered_display": "100"}, "missing_lines": [], "excluded_lines": [], "start_line": 21}, "NotebookDBManager.get_connection": {"executed_lines": [28, 29, 30, 31, 32, 34], "summary": {"covered_lines": 6, "num_statements": 6, "percent_covered": 100.0, "percent_covered_display": "100", "missing_lines": 0, "excluded_lines": 0, "percent_statements_covered": 100.0, "percent_statements_covered_display": "100"}, "missing_lines": [], "excluded_lines": [], "start_line": 26}, "NotebookDBManager.init_db": {"executed_lines": [38, 39, 42, 52, 65], "summary": {"covered_lines": 5, "num_statements": 5, "percent_covered": 100.0, "percent_covered_display": "100", "missing_lines": 0, "excluded_lines": 0, "percent_statements_covered": 100.0, "percent_statements_covered_display": "100"}, "missing_lines": [], "excluded_lines": [], "start_line": 36}, "NotebookDBManager.create_notebook": {"executed_lines": [69, 70, 71, 72, 73], "summary": {"covered_lines": 5, "num_statements": 5, "percent_covered": 100.0, "percent_covered_display": "100", "missing_lines": 0, "excluded_lines": 0, "percent_statements_covered": 100.0, "percent_statements_covered_display": "100"}, "missing_lines": [], "excluded_lines": [], "start_line": 67}, "NotebookDBManager.get_notebooks": {"executed_lines": [77, 78, 79, 80], "summary": {"covered_lines": 4, "num_statements": 4, "percent_covered": 100.0, "percent_covered_display": "100", "missing_lines": 0, "excluded_lines": 0, "percent_statements_covered": 100.0, "percent_statements_covered_display": "100"}, "missing_lines": [], "excluded_lines": [], "start_line": 75}, "NotebookDBManager.get_notebook": {"executed_lines": [84, 85, 86, 87, 88], "summary": {"covered_lines": 5, "num_statements": 5, "percent_covered": 100.0, "percent_covered_display": "100", "missing_lines": 0, "excluded_lines": 0, "percent_statements_covered": 100.0, "percent_statements_covered_display": "100"}, "missing_lines": [], "excluded_lines": [], "start_line": 82}, "NotebookDBManager.delete_notebook": {"executed_lines": [92, 93, 94, 95], "summary": {"covered_lines": 4, "num_statements": 4, "percent_covered": 100.0, "percent_covered_display": "100", "missing_lines": 0, "excluded_lines": 0, "percent_statements_covered": 100.0, "percent_statements_covered_display": "100"}, "missing_lines": [], "excluded_lines": [], "start_line": 90}, "NotebookDBManager.add_text_entry": {"executed_lines": [99, 100, 101, 105, 106], "summary": {"covered_lines": 5, "num_statements": 5, "percent_covered": 100.0, "percent_covered_display": "100", "missing_lines": 0, "excluded_lines": 0, "percent_statements_covered": 100.0, "percent_statements_covered_display": "100"}, "missing_lines": [], "excluded_lines": [], "start_line": 97}, "NotebookDBManager.add_audio_entry": {"executed_lines": [110, 111, 112, 116, 117], "summary": {"covered_lines": 5, "num_statements": 5, "percent_covered": 100.0, "percent_covered_display": "100", "missing_lines": 0, "excluded_lines": 0, "percent_statements_covered": 100.0, "percent_statements_covered_display": "100"}, "missing_lines": [], "excluded_lines": [], "start_line": 108}, "NotebookDBManager.get_entries": {"executed_lines": [121, 122, 123, 124], "summary": {"covered_lines": 4, "num_statements": 4, "percent_covered": 100.0, "percent_covered_display": "100", "missing_lines": 0, "excluded_lines": 0, "percent_statements_covered": 100.0, "percent_statements_covered_display": "100"}, "missing_lines": [], "excluded_lines": [], "start_line": 119}, "NotebookDBManager.update_entry_content": {"executed_lines": [], "summary": {"covered_lines": 0, "num_statements": 4, "percent_covered": 0.0, "percent_covered_display": "0", "missing_lines": 4, "excluded_lines": 0, "percent_statements_covered": 0.0, "percent_statements_covered_display": "0"}, "missing_lines": [128, 129, 130, 131], "excluded_lines": [], "start_line": 126}, "NotebookDBManager.delete_entry": {"executed_lines": [], "summary": {"covered_lines": 0, "num_statements": 8, "percent_covered": 0.0, "percent_covered_display": "0", "missing_lines": 8, "excluded_lines": 0, "percent_statements_covered": 0.0, "percent_statements_covere
[...]
"100"}, "missing_lines": [], "excluded_lines": [], "start_line": 42}, "_default_sherpa_model_dir": {"executed_lines": [53], "summary": {"covered_lines": 1, "num_statements": 1, "percent_covered": 100.0, "percent_covered_display": "100", "missing_lines": 0, "excluded_lines": 0, "percent_statements_covered": 100.0, "percent_statements_covered_display": "100"}, "missing_lines": [], "excluded_lines": [], "start_line": 52}, "_default_sherpa_model_url": {"executed_lines": [57], "summary": {"covered_lines": 1, "num_statements": 1, "percent_covered": 100.0, "percent_covered_display": "100", "missing_lines": 0, "excluded_lines": 0, "percent_statements_covered": 100.0, "percent_statements_covered_display": "100"}, "missing_lines": [], "excluded_lines": [], "start_line": 56}, "_iter_sherpa_candidate_dirs": {"executed_lines": [64, 65, 67], "summary": {"covered_lines": 3, "num_statements": 8, "percent_covered": 37.5, "percent_covered_display": "38", "missing_lines": 5, "excluded_lines": 0, "percent_statements_covered": 37.5, "percent_statements_covered_display": "38"}, "missing_lines": [66, 68, 69, 70, 71], "excluded_lines": [], "start_line": 63}, "_resolve_existing_sherpa_model_dir": {"executed_lines": [75, 76, 77, 79, 80, 81, 82], "summary": {"covered_lines": 7, "num_statements": 11, "percent_covered": 63.63636363636363, "percent_covered_display": "64", "missing_lines": 4, "excluded_lines": 0, "percent_statements_covered": 63.63636363636363, "percent_statements_covered_display": "64"}, "missing_lines": [78, 83, 84, 85], "excluded_lines": [], "start_line": 74}, "_safe_extract_tarball": {"executed_lines": [], "summary": {"covered_lines": 0, "num_statements": 7, "percent_covered": 0.0, "percent_covered_display": "0", "missing_lines": 7, "excluded_lines": 0, "percent_statements_covered": 0.0, "percent_statements_covered_display": "0"}, "missing_lines": [89, 90, 91, 92, 93, 94, 95], "excluded_lines": [], "start_line": 88}, "_download_sherpa_onnx_model": {"executed_lines": [], "summary": {"covered_lines": 0, "num_statements": 17, "percent_covered": 0.0, "percent_covered_display": "0", "missing_lines": 17, "excluded_lines": 0, "percent_statements_covered": 0.0, "percent_statements_covered_display": "0"}, "missing_lines": [99, 100, 101, 102, 103, 104, 105, 106, 107, 108, 109, 110, 111, 113, 114, 115, 116], "excluded_lines": [], "start_line": 98}, "_ensure_sherpa_onnx_model_ready": {"executed_lines": [120, 124, 127, 128, 129, 130, 133, 135, 136, 144, 148, 149, 150, 154, 155, 156], "summary": {"covered_lines": 16, "num_statements": 23, "percent_covered": 69.56521739130434, "percent_covered_display": "70", "missing_lines": 7, "excluded_lines": 0, "percent_statements_covered": 69.56521739130434, "percent_statements_covered_display": "70"}, "missing_lines": [125, 131, 132, 137, 138, 139, 151], "excluded_lines": [], "start_line": 119}, "_resolve_sherpa_onnx_model_config": {"executed_lines": [160, 161, 162, 167, 168, 169, 170, 171, 172, 174, 175, 176, 197, 198, 200, 208, 218, 221], "summary": {"covered_lines": 18, "num_statements": 38, "percent_covered": 47.36842105263158, "percent_covered_display": "47", "missing_lines": 20, "excluded_lines": 0, "percent_statements_covered": 47.36842105263158, "percent_statements_covered_display": "47"}, "missing_lines": [163, 177, 178, 180, 181, 182, 183, 184, 185, 186, 187, 188, 189, 190, 192, 199, 209, 210, 211, 219], "excluded_lines": [], "start_line": 159}, "_create_sherpa_onnx_recognizer": {"executed_lines": [229, 237, 239, 246, 247], "summary": {"covered_lines": 5, "num_statements": 15, "percent_covered": 33.333333333333336, "percent_covered_display": "33", "missing_lines": 10, "excluded_lines": 0, "percent_statements_covered": 33.333333333333336, "percent_statements_covered_display": "33"}, "missing_lines": [240, 251, 252, 256, 257, 261, 262, 266, 267, 279], "excluded_lines": [], "start_line": 228}, "_run_sherpa_onnx_transcription": {"executed_lines": [283, 284, 285, 286, 287, 288, 292, 293, 299, 300, 301, 304, 305, 306, 307, 308, 310, 313, 314], "summary": {"covered_lines": 19, "num_statements": 21, "percent_covered": 90.47619047619048, "percent_covered_display": "90", "missing_lines": 2, "excluded_lines": 0, "percent_statements_covered": 90.47619047619048, "percent_statements_covered_display": "90"}, "missing_lines": [302, 311], "excluded_lines": [], "start_line": 282}, "get_transcription_preflight_error": {"executed_lines": [318, 321, 322, 326, 333, 334, 335, 336], "summary": {"covered_lines": 8, "num_statements": 20, "percent_covered": 40.0, "percent_covered_display": "40", "missing_lines": 12, "excluded_lines": 0, "percent_statements_covered": 40.0, "percent_statements_covered_display": "40"}, "missing_lines": [319, 327, 328, 329, 340, 344, 345, 346, 347, 348, 349, 353], "excluded_lines": [], "start_line": 317}, "get_optimal_device": {"executed_lines": [369, 371, 373, 374, 377, 378, 381, 382, 384, 385, 386, 387, 389, 391, 392, 393], "summary": {"covered_lines": 16, "num_statements": 16, "percent_covered": 100.0, "percent_covered_display": "100", "missing_lines": 0, "excluded_lines": 0, "percent_statements_covered": 100.0, "percent_statements_covered_display": "100"}, "missing_lines": [], "excluded_lines": [], "start_line": 359}, "_pkg_version": {"executed_lines": [397, 398], "summary": {"covered_lines": 2, "num_statements": 6, "percent_covered": 33.333333333333336, "percent_covered_display": "33", "missing_lines": 4, "excluded_lines": 0, "percent_statements_covered": 33.333333333333336, "percent_statements_covered_display": "33"}, "missing_lines": [399, 400, 401, 402], "excluded_lines": [], "start_line": 396}, "_get_pyannote_pipeline_class": {"executed_lines": [], "summary": {"covered_lines": 0, "num_statements": 10, "percent_covered": 0.0, "percent_covered_display": "0", "missing_lines": 10, "excluded_lines": 0, "percent_statements_covered": 0.0, "percent_statements_covered_display": "0"}, "missing_lines": [411, 412, 414, 415, 416, 418, 419, 420, 421, 423], "excluded_lines": [], "start_line": 405}, "_flush_log_handlers": {"executed_lines": [427, 428, 429, 430], "summary": {"covered_lines": 4, "num_statements": 6, "percent_covered": 66.66666666666667, "percent_covered_display": "67", "missing_lines": 2, "excluded_lines": 0, "percent_statements_covered": 66.66666666666667, "percent_statements_covered_display": "67"}, "missing_lines": [431, 432], "excluded_lines": [], "start_line": 426}, "_log_transcription_runtime_context": {"executed_lines": [445, 446, 447, 448, 449, 451, 452, 453, 454, 455, 456, 457, 463, 472, 482, 490, 495], "summary": {"covered_lines": 17, "num_statements": 19, "percent_covered": 89.47368421052632, "percent_covered_display": "89", "missing_lines": 2, "excluded_lines": 0, "percent_statements_covered": 89.47368421052632, "percent_statements_covered_display": "89"}, "missing_lines": [460, 461], "excluded_lines": [], "start_line": 435}, "_run_transcription_in_subprocess": {"executed_lines": [], "summary": {"covered_lines": 0, "num_statements": 18, "percent_covered": 0.0, "percent_covered_display": "0", "missing_lines": 18, "excluded_lines": 0, "percent_statements_covered": 0.0, "percent_statements_covered_display": "0"}, "missing_lines": [507, 508, 509, 518, 519, 520, 522, 523, 524, 525, 527, 528, 533, 534, 536, 537, 538, 540], "excluded_lines": [], "start_line": 498}, "_is_subprocess_native_crash": {"executed_lines": [544, 545], "summary": {"covered_lines": 2, "num_statements": 2, "percent_covered": 100.0, "percent_covered_display": "100", "missing_lines": 0, "excluded_lines": 0, "percent_statements_covered": 100.0, "percent_statements_covered_display": "100"}, "missing_lines": [], "excluded_lines": [], "start_line": 543}, "_is_subprocess_timeout": {"executed_lines": [549], "summary": {"covered_lines": 1, "num_statements": 1, "percent_covered": 100.0, "percent_covered_display": "100", "missing_lines": 0, "excluded_lines": 0, "percent_statements_covered": 100.0, "percent_statements_covered_display": "100"}, "missing_lines": [], "excluded_lines": [], "start_line": 548}, "_windows_subprocess_fallback_profiles": {"executed_lines": [556, 557, 558, 566, 574, 575, 576, 577, 578, 579, 580], "summary": {"covered_lines": 11, "num_statements": 11, "percent_covered": 100.0, "percent_covered_display": "100", "missing_lines": 0, "excluded_lines": 0, "percent_statements_covered": 100.0, "percent_statements_covered_display": "100"}, "missing_lines": [], "excluded_lines": [], "start_line": 552}, "_windows_model_fallback_order": {"executed_lines": [584, 585, 586, 587, 589, 591], "summary": {"covered_lines": 6, "num_statements": 8, "percent_covered": 75.0, "percent_covered_display": "75", "missing_lines": 2, "excluded_lines": 0, "percent_statements_covered": 75.0, "percent_statements_covered_display": "75"}, "missing_lines": [588, 590], "excluded_lines": [], "start_line": 583}, "_normalize_openai_whisper_model_name": {"executed_lines": [596, 597, 598], "summary": {"covered_lines": 3, "num_statements": 3, "percent_covered": 100.0, "percent_covered_display": "100", "missing_lines": 0, "excluded_lines": 0, "percent_statements_covered": 100.0, "percent_statements_covered_display": "100"}, "missing_lines": [], "excluded_lines": [], "start_line": 594}, "_prepare_audio_for_openai_whisper": {"executed_lines": [], "summary": {"covered_lines": 0, "num_statements": 16, "percent_covered": 0.0, "percent_covered_display": "0", "missing_lines": 16, "excluded_lines": 0, "percent_statements_covered": 0.0, "percent_statements_covered_display": "0"}, "missing_lines": [606, 607, 609, 610, 613, 614, 617, 618, 619, 620, 621, 622, 623, 624, 625, 627], "excluded_lines": [], "start_line": 601}, "_run_openai_whisper_fallback": {"executed_lines": [635, 637, 638, 639, 640, 641, 642, 643, 647, 648, 649, 650, 655, 656], "summary": {"covered_lines": 14, "num_statements": 14, "percent_covered": 100.0, "percent_covered_display": "100", "missing_lines": 0, "excluded_lines": 0, "percent_statements_covered": 100.0, "percent_statements_covered_display": "100"}, "missing_lines": [], "excluded_lines": [], "start_line": 630}, "TranscriberThread.__init__": {"executed_lines": [673, 674, 675, 676, 677, 678, 679, 680, 681, 684, 685, 686, 687, 688, 689, 690, 692, 693, 696, 697, 700, 701, 703, 705, 706, 707, 708], "summary": {"covered_lines": 27, "num_statements": 27, "percent_covered": 100.0, "percent_covered_display": "100", "missing_lines": 0, "excluded_lines": 0, "percent_statements_covered": 100.0, "percent_statements_covered_display": "100"}, "missing_lines": [], "excluded_lines": [], "start_line": 672}, "TranscriberThread._persist_working_transcription_settings": {"executed_lines": [711, 712, 713, 714, 715, 716, 717, 718, 719], "summary": {"covered_lines": 9, "num_statements": 11, "percent_covered": 81.81818181818181, "percent_covered_display": "82", "missing_lines": 2, "excluded_lines": 0, "percent_statements_covered": 81.81818181818181, "percent_statements_covered_display": "82"}, "missing_lines": [720, 721], "excluded_lines": [], "start_line": 710}, "TranscriberThread._get_subprocess_attempt_timeout_seconds": {"executed_lines": [727, 728, 729, 730, 735], "summary": {"covered_lines": 5, "num_statements": 7, "percent_covered": 71.42857142857143, "percent_covered_display": "71", "missing_lines": 2, "excluded_lines": 0, "percent_statements_covered": 71.42857142857143, "percent_statements_covered_display": "71"}, "missing_lines": [736, 737], "excluded_lines": [], "start_line": 723}, "TranscriberThread.run": {"executed_lines": [740, 741, 742, 743, 745, 746, 758, 764, 765, 766, 767, 773, 774, 775, 776, 777, 778, 779, 780, 785, 786, 787, 788, 789, 795, 796, 797, 798, 799, 804, 805, 806, 807, 808, 809, 810, 811, 812, 815, 817, 818, 819, 820, 821, 825, 826, 834, 835, 836, 837, 838, 839, 840, 841, 844, 845, 852, 855, 856, 858, 859, 860, 865, 868, 869, 871, 873, 877, 878, 880, 881, 882, 886, 889, 890, 891, 896, 907, 908, 909, 912, 913, 919, 920, 922, 923, 929, 930, 931, 932, 933, 934, 935, 936, 937, 938, 943, 944, 945, 946, 950, 951, 952, 953, 954, 955, 956, 957, 958, 961, 962, 969, 970, 971, 972, 975, 981, 984, 985, 990, 1012, 1016, 1017, 1020, 1021, 1024, 1025, 1048, 1050, 1051, 1053, 1065, 1067, 1068, 1069, 1070, 1077, 1078, 1079, 1081, 1082, 1084, 1085, 1086, 1087, 1090], "summary": {"covered_lines": 146, "num_statements": 206, "percent_covered": 70.87378640776699, "percent_covered_display": "71", "missing_lines": 60, "excluded_lines": 0, "percent_statements_covered": 70.87378640776699, "percent_statements_covered_display": "71"}, "missing_lines": [875, 897, 898, 903, 905, 948, 959, 960, 963, 965, 966, 967, 973, 974, 976, 977, 978, 979, 991, 992, 994, 995, 996, 997, 998, 999, 1000, 1002, 1003, 1004, 1005, 1006, 1007, 1008, 1009, 1010, 1011, 1013, 1018, 1022, 1023, 1028, 1029, 1033, 1034, 1036, 1037, 1038, 1039, 1040, 1042, 1044, 1045, 1046, 1072, 1073, 1074, 1080, 1088, 1089], "excluded_lines": [], "start_line": 739}, "SearchThread.__init__": {"executed_lines": [1097, 1098, 1099], "summary": {"covered_lines": 3, "num_statements": 3, "percent_covered": 100.0, "percent_covered_display": "100", "missing_lines": 0, "excluded_lines": 0, "percent_statements_covered": 100.0, "percent_statements_covered_display": "100"}, "missing_lines": [], "excluded_lines": [], "start_line": 1096}, "SearchThread.run": {"executed_lines": [1102, 1103, 1104, 1105, 1106], "summary": {"covered_lines": 5, "num_statements": 5, "percent_covered": 100.0, "percent_covered_display": "100", "missing_lines": 0, "excluded_lines": 0, "percent_statements_covered": 100.0, "percent_statements_covered_display": "100"}, "missing_lines": [], "excluded_lines": [], "start_line": 1101}, "ChatThread.__init__": {"executed_lines": [1118, 1119, 1120, 1121, 1123, 1124], "summary": {"covered_lines": 6, "num_statements": 6, "percent_covered": 100.0, "percent_covered_display": "100", "missing_lines": 0, "excluded_lines": 0, "percent_statements_covered": 100.0, "percent_statements_covered_display": "100"}, "missing_lines": [], "excluded_lines": [], "start_line": 1112}, "ChatThread.run": {"executed_lines": [1127, 1128, 1129, 1131, 1132, 1134, 1135, 1137, 1138], "summary": {"covered_lines": 9, "num_statements": 9, "percent_covered": 100.0, "percent_covered_display": "100", "missing_lines": 0, "excluded_lines": 0, "percent_statements_covered": 100.0, "percent_statements_covered_display": "100"}, "missing_lines": [], "excluded_lines": [], "start_line": 1126}, "": {"executed_lines": [15, 16, 17, 18, 19, 20, 21, 22, 23, 24, 25, 26, 27, 28, 29, 30, 31, 35, 38, 39, 42, 52, 56, 63, 74, 88, 98, 119, 159, 228, 282, 317, 359, 396, 405, 426, 435, 498, 543, 548, 552, 583, 594, 601, 630, 666, 667, 668, 669, 670, 672, 710, 723, 739, 1092, 1093, 1094, 1096, 1101, 1108, 1109, 1110, 1112, 1126], "summary": {"covered_lines": 64, "num_statements": 65, "percent_covered": 98.46153846153847, "percent_covered_display": "98", "missing_lines": 1, "excluded_lines": 0, "percent_statements_covered": 98.46153846153847, "percent_statements_covered_display": "98"}, "missing_lines": [36], "excluded_lines": [], "start_line": 1}}, "classes": {"TranscriberThread": {"executed_lines": [673, 674, 675, 676, 677, 678, 679, 680, 681, 684, 685, 686, 687, 688, 689, 690, 692, 693, 696, 697, 700, 701, 703, 705, 706, 707, 708, 711, 712, 713, 714, 715, 716, 717, 718, 719, 727, 728, 729, 730, 735, 740, 741, 742, 743, 745, 746, 758, 764, 765, 766, 767, 773, 774, 775, 776, 777, 778, 779, 780, 785, 786, 787, 788, 789, 795, 796, 797, 798, 799, 804, 805, 806, 807, 808, 809, 810, 811, 812, 815, 817, 818, 819, 820, 821, 825, 826, 834, 835, 836, 837, 838, 839, 840, 841, 844, 845, 852, 855, 856, 858, 859, 860, 865, 868, 869, 871, 873, 877, 878, 880, 881, 882, 886, 889, 890, 891, 896, 907, 908, 909, 912, 913, 919, 920, 922, 923, 929, 930, 931, 932, 933, 934, 935, 936, 937, 938, 943, 944, 945, 946, 950, 951, 952, 953, 954, 955, 956, 957, 958, 961, 962, 969, 970, 971, 972, 975, 981, 984, 985, 990, 1012, 1016, 1017, 1020, 1021, 1024, 1025, 1048, 1050, 1051, 1053, 1065, 1067, 1068, 1069, 1070, 1077, 1078, 1079, 1081, 1082, 1084, 1085, 1086, 1087, 1090], "summary": {"covered_lines": 187, "num_statements": 251, "percent_covered": 74.5019920318725, "percent_covered_display": "75", "missing_lines": 64, "excluded_lines": 0, "percent_statements_covered": 74.5019920318725, "percent_statements_covered_display": "75"}, "missing_lines": [720, 721, 736, 737, 875, 897, 898, 903, 905, 948, 959, 960, 963, 965, 966, 967, 973, 974, 976, 977, 978, 979, 991, 992, 994, 995, 996, 997, 998, 999, 1000, 1002, 1003, 1004, 1005, 1006, 1007, 1008, 1009, 1010, 1011, 1013, 1018, 1022, 1023, 1028, 1029, 1033, 1034, 1036, 1037, 1038, 1039, 1040, 1042, 1044, 1045, 1046, 1072, 1073, 1074, 1080, 1088, 1089], "excluded_lines": [], "start_line": 666}, "SearchThread": {"executed_lines": [1097, 1098, 1099, 1102, 1103, 1104, 1105, 1106], "summary": {"covered_lines": 8, "num_statements": 8, "percent_covered": 100.0, "percent_covered_display": "100", "missing_lines": 0, "excluded_lines": 0, "percent_statements_covered": 100.0, "percent_statements_covered_display": "100"}, "missing_lines": [], "excluded_lines": [], "start_line": 1092}, "ChatThread": {"executed_lines": [1118, 1119, 1120, 1121, 1123, 1124, 1127, 1128, 1129, 1131, 1132, 1134, 1135, 1137, 1138], "summary": {"covered_lines": 15, "num_statements": 15, "percent_covered": 100.0, "percent_covered_display": "100", "missing_lines": 0, "excluded_lines": 0, "percent_statements_covered": 100.0, "percent_statements_covered_display": "100"}, "missing_lines": [], "excluded_lines": [], "start_line": 1108}, "": {"executed_lines": [15, 16, 17, 18, 19, 20, 21, 22, 23, 24, 25, 26, 27, 28, 29, 30, 31, 35, 38, 39, 42, 43, 44, 45, 46, 47, 48, 49, 52, 53, 56, 57, 63, 64, 65, 67, 74, 75, 76, 77, 79, 80, 81, 82, 88, 98, 119, 120, 124, 127, 128, 129, 130, 133, 135, 136, 144, 148, 149, 150, 154, 155, 156, 159, 160, 161, 162, 167, 168, 169, 170, 171, 172, 174, 175, 176, 197, 198, 200, 208, 218, 221, 228, 229, 237, 239, 246, 247, 282, 283, 284, 285, 286, 287, 288, 292, 293, 299, 300, 301, 304, 305, 306, 307, 308, 310, 313, 314, 317, 318, 321, 322, 326, 333, 334, 335, 336, 359, 369, 371, 373, 374, 377, 378, 381, 382, 384, 385, 386, 387, 389, 391, 392, 393, 396, 397, 398, 405, 426, 427, 428, 429, 430, 435, 445, 446, 447, 448, 449, 451, 452, 453, 454, 455, 456, 457, 463, 472, 482, 490, 495, 498, 543, 544, 545, 548, 549, 552, 556, 557, 558, 566, 574, 575, 576, 577, 578, 579, 580, 583, 584, 585, 586, 587, 589, 591, 594, 596, 597, 598, 601, 630, 635, 637, 638, 639, 640, 641, 642, 643, 647, 648, 649, 650, 655, 656, 666, 667, 668, 669, 670, 672, 710, 723, 739, 1092, 1093, 1094, 1096, 1101, 1108, 1109, 1110, 1112, 1126], "summary": {"covered_lines": 225, "num_statements": 364, "percent_covered": 61.81318681318681, "percent_covered_display": "62", "missing_lines": 139, "excluded_lines": 0, "percent_statements_covered": 61.81318681318681, "percent_statements_covered_display": "62"}, "missing_lines": [36, 66, 68, 69, 70, 71, 78, 83, 84, 85, 89, 90, 91, 92, 93, 94, 95, 99, 100, 101, 102, 103, 104, 105, 106, 107, 108, 109, 110, 111, 113, 114, 115, 116, 125, 131, 132, 137, 138, 139, 151, 163, 177, 178, 180, 181, 182, 183, 184, 185, 186, 187, 188, 189, 190, 192, 199, 209, 210, 211, 219, 240, 251, 252, 256, 257, 261, 262, 266, 267, 279, 302, 311, 319, 327, 328, 329, 340, 344, 345, 346, 347, 348, 349, 353, 399, 400, 401, 402, 411, 412, 414, 415, 416, 418, 419, 420, 421, 423, 431, 432, 460, 461, 507, 508, 509, 518, 519, 520, 522, 523, 524, 525, 527, 528, 533, 534, 536, 537, 538, 540, 588, 590, 606, 607, 609, 610, 613, 614, 617, 618, 619, 620, 621, 622, 623, 624, 625, 627], "excluded_lines": [], "start_line": 1}}}}, "totals": {"covered_lines": 7429, "num_statements": 11336, "percent_covered": 65.53458009880028, "percent_covered_display": "66", "missing_lines": 3907, "excluded_lines": 0, "percent_statements_covered": 65.53458009880028, "percent_statements_covered_display": "66"}}